# JRE version: Java(TM) SE Runtime Environment (8.0_45-b15) (build 1.8.0_45-b15)
# Java VM: Java HotSpot(TM) 64-Bit Server VM (25.45-b02 mixed mode windows-amd64 compressed oops)
Heap:
 PSYoungGen      total 232960K, used 86005K [0x00000000eab00000, 0x0000000100000000, 0x0000000100000000)
  eden space 116736K, 73% used [0x00000000eab00000,0x00000000efefd7a8,0x00000000f1d00000)
  from space 116224K, 0% used [0x00000000f1d00000,0x00000000f1d00000,0x00000000f8e80000)
  to   space 116224K, 0% used [0x00000000f8e80000,0x00000000f8e80000,0x0000000100000000)
 ParOldGen       total 699392K, used 100868K [0x00000000c0000000, 0x00000000eab00000, 0x00000000eab00000)
  object space 699392K, 14% used [0x00000000c0000000,0x00000000c62811f8,0x00000000eab00000)
 Metaspace       used 88841K, capacity 96682K, committed 98764K, reserved 1134592K
  class space    used 11092K, capacity 13192K, committed 13516K, reserved 1048576K
GC Heap History (10 events):
Event: 13.225 GC heap before
{Heap before GC invocations=21 (full 3):
 PSYoungGen      total 232960K, used 170651K [0x00000000eab00000, 0x0000000100000000, 0x0000000100000000)
  eden space 116736K, 100% used [0x00000000eab00000,0x00000000f1d00000,0x00000000f1d00000)
  from space 116224K, 46% used [0x00000000f1d00000,0x00000000f51a6e08,0x00000000f8e80000)
  to   space 116224K, 0% used [0x00000000f8e80000,0x00000000f8e80000,0x0000000100000000)
 ParOldGen       total 699392K, used 155248K [0x00000000c0000000, 0x00000000eab00000, 0x00000000eab00000)
  object space 699392K, 22% used [0x00000000c0000000,0x00000000c979c050,0x00000000eab00000)
 Metaspace       used 85080K, capacity 94012K, committed 94464K, reserved 1130496K
  class space    used 10653K, capacity 12786K, committed 12800K, reserved 1048576K
Event: 13.263 GC heap after
Heap after GC invocations=21 (full 3):
 PSYoungGen      total 232960K, used 94855K [0x00000000eab00000, 0x0000000100000000, 0x0000000100000000)
  eden space 116736K, 0% used [0x00000000eab00000,0x00000000eab00000,0x00000000f1d00000)
  from space 116224K, 81% used [0x00000000f8e80000,0x00000000feb21c20,0x0000000100000000)
  to   space 116224K, 0% used [0x00000000f1d00000,0x00000000f1d00000,0x00000000f8e80000)
 ParOldGen       total 699392K, used 157069K [0x00000000c0000000, 0x00000000eab00000, 0x00000000eab00000)
  object space 699392K, 22% used [0x00000000c0000000,0x00000000c99635d8,0x00000000eab00000)
 Metaspace       used 85080K, capacity 94012K, committed 94464K, reserved 1130496K
  class space    used 10653K, capacity 12786K, committed 12800K, reserved 1048576K
}
Event: 13.445 GC heap before
{Heap before GC invocations=22 (full 3):
 PSYoungGen      total 232960K, used 211591K [0x00000000eab00000, 0x0000000100000000, 0x0000000100000000)
  eden space 116736K, 100% used [0x00000000eab00000,0x00000000f1d00000,0x00000000f1d00000)
  from space 116224K, 81% used [0x00000000f8e80000,0x00000000feb21c20,0x0000000100000000)
  to   space 116224K, 0% used [0x00000000f1d00000,0x00000000f1d00000,0x00000000f8e80000)
 ParOldGen       total 699392K, used 157069K [0x00000000c0000000, 0x00000000eab00000, 0x00000000eab00000)
  object space 699392K, 22% used [0x00000000c0000000,0x00000000c99635d8,0x00000000eab00000)
 Metaspace       used 85080K, capacity 94012K, committed 94464K, reserved 1130496K
  class space    used 10653K, capacity 12786K, committed 12800K, reserved 1048576K
Event: 13.480 GC heap after
Heap after GC invocations=22 (full 3):
 PSYoungGen      total 232960K, used 89774K [0x00000000eab00000, 0x0000000100000000, 0x0000000100000000)
  eden space 116736K, 0% used [0x00000000eab00000,0x00000000eab00000,0x00000000f1d00000)
  from space 116224K, 77% used [0x00000000f1d00000,0x00000000f74abaa8,0x00000000f8e80000)
  to   space 116224K, 0% used [0x00000000f8e80000,0x00000000f8e80000,0x0000000100000000)
 ParOldGen       total 699392K, used 157105K [0x00000000c0000000, 0x00000000eab00000, 0x00000000eab00000)
  object space 699392K, 22% used [0x00000000c0000000,0x00000000c996c628,0x00000000eab00000)
 Metaspace       used 85080K, capacity 94012K, committed 94464K, reserved 1130496K
  class space    used 10653K, capacity 12786K, committed 12800K, reserved 1048576K
}
Event: 13.630 GC heap before
{Heap before GC invocations=23 (full 3):
 PSYoungGen      total 232960K, used 206510K [0x00000000eab00000, 0x0000000100000000, 0x0000000100000000)
  eden space 116736K, 100% used [0x00000000eab00000,0x00000000f1d00000,0x00000000f1d00000)
  from space 116224K, 77% used [0x00000000f1d00000,0x00000000f74abaa8,0x00000000f8e80000)
  to   space 116224K, 0% used [0x00000000f8e80000,0x00000000f8e80000,0x0000000100000000)
 ParOldGen       total 699392K, used 157105K [0x00000000c0000000, 0x00000000eab00000, 0x00000000eab00000)
  object space 699392K, 22% used [0x00000000c0000000,0x00000000c996c628,0x00000000eab00000)
 Metaspace       used 85080K, capacity 94012K, committed 94464K, reserved 1130496K
  class space    used 10653K, capacity 12786K, committed 12800K, reserved 1048576K
Event: 13.663 GC heap after
Heap after GC invocations=23 (full 3):
 PSYoungGen      total 232960K, used 79276K [0x00000000eab00000, 0x0000000100000000, 0x0000000100000000)
  eden space 116736K, 0% used [0x00000000eab00000,0x00000000eab00000,0x00000000f1d00000)
  from space 116224K, 68% used [0x00000000f8e80000,0x00000000fdbeb178,0x0000000100000000)
  to   space 116224K, 0% used [0x00000000f1d00000,0x00000000f1d00000,0x00000000f8e80000)
 ParOldGen       total 699392K, used 157209K [0x00000000c0000000, 0x00000000eab00000, 0x00000000eab00000)
  object space 699392K, 22% used [0x00000000c0000000,0x00000000c9986438,0x00000000eab00000)
 Metaspace       used 85080K, capacity 94012K, committed 94464K, reserved 1130496K
  class space    used 10653K, capacity 12786K, committed 12800K, reserved 1048576K
}
Event: 14.133 GC heap before
{Heap before GC invocations=24 (full 3):
 PSYoungGen      total 232960K, used 126406K [0x00000000eab00000, 0x0000000100000000, 0x0000000100000000)
  eden space 116736K, 40% used [0x00000000eab00000,0x00000000ed906a40,0x00000000f1d00000)
  from space 116224K, 68% used [0x00000000f8e80000,0x00000000fdbeb178,0x0000000100000000)
  to   space 116224K, 0% used [0x00000000f1d00000,0x00000000f1d00000,0x00000000f8e80000)
 ParOldGen       total 699392K, used 157209K [0x00000000c0000000, 0x00000000eab00000, 0x00000000eab00000)
  object space 699392K, 22% used [0x00000000c0000000,0x00000000c9986438,0x00000000eab00000)
 Metaspace       used 89045K, capacity 98066K, committed 98380K, reserved 1134592K
  class space    used 11162K, capacity 13321K, committed 13388K, reserved 1048576K
Event: 14.143 GC heap after
Heap after GC invocations=24 (full 3):
 PSYoungGen      total 232960K, used 19519K [0x00000000eab00000, 0x0000000100000000, 0x0000000100000000)
  eden space 116736K, 0% used [0x00000000eab00000,0x00000000eab00000,0x00000000f1d00000)
  from space 116224K, 16% used [0x00000000f1d00000,0x00000000f300fda8,0x00000000f8e80000)
  to   space 116224K, 0% used [0x00000000f8e80000,0x00000000f8e80000,0x0000000100000000)
 ParOldGen       total 699392K, used 157379K [0x00000000c0000000, 0x00000000eab00000, 0x00000000eab00000)
  object space 699392K, 22% used [0x00000000c0000000,0x00000000c99b0cc8,0x00000000eab00000)
 Metaspace       used 89045K, capacity 98066K, committed 98380K, reserved 1134592K
  class space    used 11162K, capacity 13321K, committed 13388K, reserved 1048576K
}
Event: 14.143 GC heap before
{Heap before GC invocations=25 (full 4):
 PSYoungGen      total 232960K, used 19519K [0x00000000eab00000, 0x0000000100000000, 0x0000000100000000)
  eden space 116736K, 0% used [0x00000000eab00000,0x00000000eab00000,0x00000000f1d00000)
  from space 116224K, 16% used [0x00000000f1d00000,0x00000000f300fda8,0x00000000f8e80000)
  to   space 116224K, 0% used [0x00000000f8e80000,0x00000000f8e80000,0x0000000100000000)
 ParOldGen       total 699392K, used 157379K [0x00000000c0000000, 0x00000000eab00000, 0x00000000eab00000)
  object space 699392K, 22% used [0x00000000c0000000,0x00000000c99b0cc8,0x00000000eab00000)
 Metaspace       used 89045K, capacity 98066K, committed 98380K, reserved 1134592K
  class space    used 11162K, capacity 13321K, committed 13388K, reserved 1048576K
Event: 14.307 GC heap after
Heap after GC invocations=25 (full 4):
 PSYoungGen      total 232960K, used 0K [0x00000000eab00000, 0x0000000100000000, 0x0000000100000000)
  eden space 116736K, 0% used [0x00000000eab00000,0x00000000eab00000,0x00000000f1d00000)
  from space 116224K, 0% used [0x00000000f1d00000,0x00000000f1d00000,0x00000000f8e80000)
  to   space 116224K, 0% used [0x00000000f8e80000,0x00000000f8e80000,0x0000000100000000)
 ParOldGen       total 699392K, used 100868K [0x00000000c0000000, 0x00000000eab00000, 0x00000000eab00000)
  object space 699392K, 14% used [0x00000000c0000000,0x00000000c62811f8,0x00000000eab00000)
 Metaspace       used 87700K, capacity 95530K, committed 98380K, reserved 1134592K
  class space    used 10988K, capacity 13064K, committed 13388K, reserved 1048576K
}

