# JRE version: Java(TM) SE Runtime Environment (8.0_45-b15) (build 1.8.0_45-b15)
# Java VM: Java HotSpot(TM) 64-Bit Server VM (25.45-b02 mixed mode windows-amd64 compressed oops)
Heap:
 PSYoungGen      total 295936K, used 29824K [0x0000000780000000, 0x0000000798b80000, 0x00000007c0000000)
  eden space 253952K, 0% used [0x0000000780000000,0x0000000780000000,0x000000078f800000)
  from space 41984K, 71% used [0x000000078f800000,0x0000000791520320,0x0000000792100000)
  to   space 42496K, 0% used [0x0000000796200000,0x0000000796200000,0x0000000798b80000)
 ParOldGen       total 208896K, used 62528K [0x0000000700000000, 0x000000070cc00000, 0x0000000780000000)
  object space 208896K, 29% used [0x0000000700000000,0x0000000703d10310,0x000000070cc00000)
 Metaspace       used 53357K, capacity 58924K, committed 59028K, reserved 1099776K
  class space    used 6851K, capacity 8640K, committed 8664K, reserved 1048576K
GC Heap History (10 events):
Event: 6.052 GC heap after
Heap after GC invocations=13 (full 2):
 PSYoungGen      total 195584K, used 27247K [0x0000000780000000, 0x0000000790f00000, 0x00000007c0000000)
  eden space 158208K, 0% used [0x0000000780000000,0x0000000780000000,0x0000000789a80000)
  from space 37376K, 72% used [0x0000000789a80000,0x000000078b51bcb8,0x000000078bf00000)
  to   space 38912K, 0% used [0x000000078e900000,0x000000078e900000,0x0000000790f00000)
 ParOldGen       total 208896K, used 59996K [0x0000000700000000, 0x000000070cc00000, 0x0000000780000000)
  object space 208896K, 28% used [0x0000000700000000,0x0000000703a97268,0x000000070cc00000)
 Metaspace       used 42887K, capacity 47722K, committed 47960K, reserved 1089536K
  class space    used 5420K, capacity 6880K, committed 7000K, reserved 1048576K
}
Event: 6.220 GC heap before
{Heap before GC invocations=14 (full 2):
 PSYoungGen      total 195584K, used 185455K [0x0000000780000000, 0x0000000790f00000, 0x00000007c0000000)
  eden space 158208K, 100% used [0x0000000780000000,0x0000000789a80000,0x0000000789a80000)
  from space 37376K, 72% used [0x0000000789a80000,0x000000078b51bcb8,0x000000078bf00000)
  to   space 38912K, 0% used [0x000000078e900000,0x000000078e900000,0x0000000790f00000)
 ParOldGen       total 208896K, used 59996K [0x0000000700000000, 0x000000070cc00000, 0x0000000780000000)
  object space 208896K, 28% used [0x0000000700000000,0x0000000703a97268,0x000000070cc00000)
 Metaspace       used 42888K, capacity 47722K, committed 47960K, reserved 1089536K
  class space    used 5420K, capacity 6880K, committed 7000K, reserved 1048576K
Event: 6.237 GC heap after
Heap after GC invocations=14 (full 2):
 PSYoungGen      total 239104K, used 24857K [0x0000000780000000, 0x0000000791000000, 0x00000007c0000000)
  eden space 200192K, 0% used [0x0000000780000000,0x0000000780000000,0x000000078c380000)
  from space 38912K, 63% used [0x000000078e900000,0x00000007901465c8,0x0000000790f00000)
  to   space 38400K, 0% used [0x000000078c380000,0x000000078c380000,0x000000078e900000)
 ParOldGen       total 208896K, used 59996K [0x0000000700000000, 0x000000070cc00000, 0x0000000780000000)
  object space 208896K, 28% used [0x0000000700000000,0x0000000703a97268,0x000000070cc00000)
 Metaspace       used 42888K, capacity 47722K, committed 47960K, reserved 1089536K
  class space    used 5420K, capacity 6880K, committed 7000K, reserved 1048576K
}
Event: 6.389 GC heap before
{Heap before GC invocations=15 (full 2):
 PSYoungGen      total 239104K, used 225049K [0x0000000780000000, 0x0000000791000000, 0x00000007c0000000)
  eden space 200192K, 100% used [0x0000000780000000,0x000000078c380000,0x000000078c380000)
  from space 38912K, 63% used [0x000000078e900000,0x00000007901465c8,0x0000000790f00000)
  to   space 38400K, 0% used [0x000000078c380000,0x000000078c380000,0x000000078e900000)
 ParOldGen       total 208896K, used 59996K [0x0000000700000000, 0x000000070cc00000, 0x0000000780000000)
  object space 208896K, 28% used [0x0000000700000000,0x0000000703a97268,0x000000070cc00000)
 Metaspace       used 42888K, capacity 47722K, committed 47960K, reserved 1089536K
  class space    used 5420K, capacity 6880K, committed 7000K, reserved 1048576K
Event: 6.403 GC heap after
Heap after GC invocations=15 (full 2):
 PSYoungGen      total 238592K, used 27633K [0x0000000780000000, 0x0000000794780000, 0x00000007c0000000)
  eden space 200192K, 0% used [0x0000000780000000,0x0000000780000000,0x000000078c380000)
  from space 38400K, 71% used [0x000000078c380000,0x000000078de7c528,0x000000078e900000)
  to   space 39424K, 0% used [0x0000000792100000,0x0000000792100000,0x0000000794780000)
 ParOldGen       total 208896K, used 59996K [0x0000000700000000, 0x000000070cc00000, 0x0000000780000000)
  object space 208896K, 28% used [0x0000000700000000,0x0000000703a97268,0x000000070cc00000)
 Metaspace       used 42888K, capacity 47722K, committed 47960K, reserved 1089536K
  class space    used 5420K, capacity 6880K, committed 7000K, reserved 1048576K
}
Event: 6.588 GC heap before
{Heap before GC invocations=16 (full 2):
 PSYoungGen      total 238592K, used 227825K [0x0000000780000000, 0x0000000794780000, 0x00000007c0000000)
  eden space 200192K, 100% used [0x0000000780000000,0x000000078c380000,0x000000078c380000)
  from space 38400K, 71% used [0x000000078c380000,0x000000078de7c528,0x000000078e900000)
  to   space 39424K, 0% used [0x0000000792100000,0x0000000792100000,0x0000000794780000)
 ParOldGen       total 208896K, used 59996K [0x0000000700000000, 0x000000070cc00000, 0x0000000780000000)
  object space 208896K, 28% used [0x0000000700000000,0x0000000703a97268,0x000000070cc00000)
 Metaspace       used 42904K, capacity 47722K, committed 47960K, reserved 1089536K
  class space    used 5420K, capacity 6880K, committed 7000K, reserved 1048576K
Event: 6.607 GC heap after
Heap after GC invocations=16 (full 2):
 PSYoungGen      total 293376K, used 32326K [0x0000000780000000, 0x0000000794e00000, 0x00000007c0000000)
  eden space 253952K, 0% used [0x0000000780000000,0x0000000780000000,0x000000078f800000)
  from space 39424K, 81% used [0x0000000792100000,0x0000000794091a90,0x0000000794780000)
  to   space 41984K, 0% used [0x000000078f800000,0x000000078f800000,0x0000000792100000)
 ParOldGen       total 208896K, used 59996K [0x0000000700000000, 0x000000070cc00000, 0x0000000780000000)
  object space 208896K, 28% used [0x0000000700000000,0x0000000703a97268,0x000000070cc00000)
 Metaspace       used 42904K, capacity 47722K, committed 47960K, reserved 1089536K
  class space    used 5420K, capacity 6880K, committed 7000K, reserved 1048576K
}
Event: 7.602 GC heap before
{Heap before GC invocations=17 (full 2):
 PSYoungGen      total 293376K, used 232831K [0x0000000780000000, 0x0000000794e00000, 0x00000007c0000000)
  eden space 253952K, 78% used [0x0000000780000000,0x000000078c3ce210,0x000000078f800000)
  from space 39424K, 81% used [0x0000000792100000,0x0000000794091a90,0x0000000794780000)
  to   space 41984K, 0% used [0x000000078f800000,0x000000078f800000,0x0000000792100000)
 ParOldGen       total 208896K, used 59996K [0x0000000700000000, 0x000000070cc00000, 0x0000000780000000)
  object space 208896K, 28% used [0x0000000700000000,0x0000000703a97268,0x000000070cc00000)
 Metaspace       used 53357K, capacity 58924K, committed 59028K, reserved 1099776K
  class space    used 6851K, capacity 8640K, committed 8664K, reserved 1048576K
Event: 7.625 GC heap after
Heap after GC invocations=17 (full 2):
 PSYoungGen      total 295936K, used 29824K [0x0000000780000000, 0x0000000798b80000, 0x00000007c0000000)
  eden space 253952K, 0% used [0x0000000780000000,0x0000000780000000,0x000000078f800000)
  from space 41984K, 71% used [0x000000078f800000,0x0000000791520320,0x0000000792100000)
  to   space 42496K, 0% used [0x0000000796200000,0x0000000796200000,0x0000000798b80000)
 ParOldGen       total 208896K, used 62528K [0x0000000700000000, 0x000000070cc00000, 0x0000000780000000)
  object space 208896K, 29% used [0x0000000700000000,0x0000000703d10310,0x000000070cc00000)
 Metaspace       used 53357K, capacity 58924K, committed 59028K, reserved 1099776K
  class space    used 6851K, capacity 8640K, committed 8664K, reserved 1048576K
}
Event: 7.625 GC heap before
{Heap before GC invocations=18 (full 3):
 PSYoungGen      total 295936K, used 29824K [0x0000000780000000, 0x0000000798b80000, 0x00000007c0000000)
  eden space 253952K, 0% used [0x0000000780000000,0x0000000780000000,0x000000078f800000)
  from space 41984K, 71% used [0x000000078f800000,0x0000000791520320,0x0000000792100000)
  to   space 42496K, 0% used [0x0000000796200000,0x0000000796200000,0x0000000798b80000)
 ParOldGen       total 208896K, used 62528K [0x0000000700000000, 0x000000070cc00000, 0x0000000780000000)
  object space 208896K, 29% used [0x0000000700000000,0x0000000703d10310,0x000000070cc00000)
 Metaspace       used 53357K, capacity 58924K, committed 59028K, reserved 1099776K
  class space    used 6851K, capacity 8640K, committed 8664K, reserved 1048576K

