# JRE version: Java(TM) SE Runtime Environment (8.0_45-b15) (build 1.8.0_45-b15)
# Java VM: Java HotSpot(TM) 64-Bit Server VM (25.45-b02 mixed mode windows-amd64 compressed oops)
Heap:
 PSYoungGen      total 272384K, used 122339K [0x00000000eab00000, 0x0000000100000000, 0x0000000100000000)
  eden space 230400K, 34% used [0x00000000eab00000,0x00000000ef97d488,0x00000000f8c00000)
  from space 41984K, 99% used [0x00000000fd700000,0x00000000ffffba98,0x0000000100000000)
  to   space 59392K, 0% used [0x00000000f8c00000,0x00000000f8c00000,0x00000000fc600000)
 ParOldGen       total 699392K, used 44363K [0x00000000c0000000, 0x00000000eab00000, 0x00000000eab00000)
  object space 699392K, 6% used [0x00000000c0000000,0x00000000c2b52d00,0x00000000eab00000)
 Metaspace       used 43140K, capacity 47964K, committed 48256K, reserved 1091584K
  class space    used 5445K, capacity 6915K, committed 7040K, reserved 1048576K
GC Heap History (10 events):
Event: 1.226 GC heap before
{Heap before GC invocations=4 (full 1):
 PSYoungGen      total 305664K, used 9194K [0x00000000eab00000, 0x0000000100000000, 0x0000000100000000)
  eden space 262144K, 0% used [0x00000000eab00000,0x00000000eab00000,0x00000000fab00000)
  from space 43520K, 21% used [0x00000000fab00000,0x00000000fb3fa8e0,0x00000000fd580000)
  to   space 43520K, 0% used [0x00000000fd580000,0x00000000fd580000,0x0000000100000000)
 ParOldGen       total 699392K, used 35K [0x00000000c0000000, 0x00000000eab00000, 0x00000000eab00000)
  object space 699392K, 0% used [0x00000000c0000000,0x00000000c0008f88,0x00000000eab00000)
 Metaspace       used 19096K, capacity 21176K, committed 21248K, reserved 1067008K
  class space    used 2286K, capacity 3028K, committed 3072K, reserved 1048576K
Event: 1.257 GC heap after
Heap after GC invocations=4 (full 1):
 PSYoungGen      total 305664K, used 0K [0x00000000eab00000, 0x0000000100000000, 0x0000000100000000)
  eden space 262144K, 0% used [0x00000000eab00000,0x00000000eab00000,0x00000000fab00000)
  from space 43520K, 0% used [0x00000000fab00000,0x00000000fab00000,0x00000000fd580000)
  to   space 43520K, 0% used [0x00000000fd580000,0x00000000fd580000,0x0000000100000000)
 ParOldGen       total 699392K, used 8932K [0x00000000c0000000, 0x00000000eab00000, 0x00000000eab00000)
  object space 699392K, 1% used [0x00000000c0000000,0x00000000c08b9110,0x00000000eab00000)
 Metaspace       used 19096K, capacity 21176K, committed 21248K, reserved 1067008K
  class space    used 2286K, capacity 3028K, committed 3072K, reserved 1048576K
}
Event: 1.932 GC heap before
{Heap before GC invocations=5 (full 1):
 PSYoungGen      total 305664K, used 182846K [0x00000000eab00000, 0x0000000100000000, 0x0000000100000000)
  eden space 262144K, 69% used [0x00000000eab00000,0x00000000f5d8f878,0x00000000fab00000)
  from space 43520K, 0% used [0x00000000fab00000,0x00000000fab00000,0x00000000fd580000)
  to   space 43520K, 0% used [0x00000000fd580000,0x00000000fd580000,0x0000000100000000)
 ParOldGen       total 699392K, used 8932K [0x00000000c0000000, 0x00000000eab00000, 0x00000000eab00000)
  object space 699392K, 1% used [0x00000000c0000000,0x00000000c08b9110,0x00000000eab00000)
 Metaspace       used 31626K, capacity 35342K, committed 35416K, reserved 1079296K
  class space    used 4021K, capacity 5075K, committed 5120K, reserved 1048576K
Event: 1.946 GC heap after
Heap after GC invocations=5 (full 1):
 PSYoungGen      total 305664K, used 17860K [0x00000000eab00000, 0x0000000100000000, 0x0000000100000000)
  eden space 262144K, 0% used [0x00000000eab00000,0x00000000eab00000,0x00000000fab00000)
  from space 43520K, 41% used [0x00000000fd580000,0x00000000fe6f1250,0x0000000100000000)
  to   space 43520K, 0% used [0x00000000fab00000,0x00000000fab00000,0x00000000fd580000)
 ParOldGen       total 699392K, used 8940K [0x00000000c0000000, 0x00000000eab00000, 0x00000000eab00000)
  object space 699392K, 1% used [0x00000000c0000000,0x00000000c08bb110,0x00000000eab00000)
 Metaspace       used 31626K, capacity 35342K, committed 35416K, reserved 1079296K
  class space    used 4021K, capacity 5075K, committed 5120K, reserved 1048576K
}
Event: 1.946 GC heap before
{Heap before GC invocations=6 (full 2):
 PSYoungGen      total 305664K, used 17860K [0x00000000eab00000, 0x0000000100000000, 0x0000000100000000)
  eden space 262144K, 0% used [0x00000000eab00000,0x00000000eab00000,0x00000000fab00000)
  from space 43520K, 41% used [0x00000000fd580000,0x00000000fe6f1250,0x0000000100000000)
  to   space 43520K, 0% used [0x00000000fab00000,0x00000000fab00000,0x00000000fd580000)
 ParOldGen       total 699392K, used 8940K [0x00000000c0000000, 0x00000000eab00000, 0x00000000eab00000)
  object space 699392K, 1% used [0x00000000c0000000,0x00000000c08bb110,0x00000000eab00000)
 Metaspace       used 31626K, capacity 35342K, committed 35416K, reserved 1079296K
  class space    used 4021K, capacity 5075K, committed 5120K, reserved 1048576K
Event: 1.992 GC heap after
Heap after GC invocations=6 (full 2):
 PSYoungGen      total 305664K, used 0K [0x00000000eab00000, 0x0000000100000000, 0x0000000100000000)
  eden space 262144K, 0% used [0x00000000eab00000,0x00000000eab00000,0x00000000fab00000)
  from space 43520K, 0% used [0x00000000fd580000,0x00000000fd580000,0x0000000100000000)
  to   space 43520K, 0% used [0x00000000fab00000,0x00000000fab00000,0x00000000fd580000)
 ParOldGen       total 699392K, used 24004K [0x00000000c0000000, 0x00000000eab00000, 0x00000000eab00000)
  object space 699392K, 3% used [0x00000000c0000000,0x00000000c1771178,0x00000000eab00000)
 Metaspace       used 31626K, capacity 35342K, committed 35416K, reserved 1079296K
  class space    used 4021K, capacity 5075K, committed 5120K, reserved 1048576K
}
Event: 4.941 GC heap before
{Heap before GC invocations=7 (full 2):
 PSYoungGen      total 305664K, used 262144K [0x00000000eab00000, 0x0000000100000000, 0x0000000100000000)
  eden space 262144K, 100% used [0x00000000eab00000,0x00000000fab00000,0x00000000fab00000)
  from space 43520K, 0% used [0x00000000fd580000,0x00000000fd580000,0x0000000100000000)
  to   space 43520K, 0% used [0x00000000fab00000,0x00000000fab00000,0x00000000fd580000)
 ParOldGen       total 699392K, used 24004K [0x00000000c0000000, 0x00000000eab00000, 0x00000000eab00000)
  object space 699392K, 3% used [0x00000000c0000000,0x00000000c1771178,0x00000000eab00000)
 Metaspace       used 43021K, capacity 47894K, committed 48256K, reserved 1091584K
  class space    used 5433K, capacity 6914K, committed 7040K, reserved 1048576K
Event: 4.966 GC heap after
Heap after GC invocations=7 (full 2):
 PSYoungGen      total 305664K, used 43500K [0x00000000eab00000, 0x0000000100000000, 0x0000000100000000)
  eden space 262144K, 0% used [0x00000000eab00000,0x00000000eab00000,0x00000000fab00000)
  from space 43520K, 99% used [0x00000000fab00000,0x00000000fd57b238,0x00000000fd580000)
  to   space 41984K, 0% used [0x00000000fd700000,0x00000000fd700000,0x0000000100000000)
 ParOldGen       total 699392K, used 28721K [0x00000000c0000000, 0x00000000eab00000, 0x00000000eab00000)
  object space 699392K, 4% used [0x00000000c0000000,0x00000000c1c0c458,0x00000000eab00000)
 Metaspace       used 43021K, capacity 47894K, committed 48256K, reserved 1091584K
  class space    used 5433K, capacity 6914K, committed 7040K, reserved 1048576K
}
Event: 5.320 GC heap before
{Heap before GC invocations=8 (full 2):
 PSYoungGen      total 305664K, used 305644K [0x00000000eab00000, 0x0000000100000000, 0x0000000100000000)
  eden space 262144K, 100% used [0x00000000eab00000,0x00000000fab00000,0x00000000fab00000)
  from space 43520K, 99% used [0x00000000fab00000,0x00000000fd57b238,0x00000000fd580000)
  to   space 41984K, 0% used [0x00000000fd700000,0x00000000fd700000,0x0000000100000000)
 ParOldGen       total 699392K, used 28721K [0x00000000c0000000, 0x00000000eab00000, 0x00000000eab00000)
  object space 699392K, 4% used [0x00000000c0000000,0x00000000c1c0c458,0x00000000eab00000)
 Metaspace       used 43140K, capacity 47964K, committed 48256K, reserved 1091584K
  class space    used 5445K, capacity 6915K, committed 7040K, reserved 1048576K
Event: 5.360 GC heap after
Heap after GC invocations=8 (full 2):
 PSYoungGen      total 272384K, used 41966K [0x00000000eab00000, 0x0000000100000000, 0x0000000100000000)
  eden space 230400K, 0% used [0x00000000eab00000,0x00000000eab00000,0x00000000f8c00000)
  from space 41984K, 99% used [0x00000000fd700000,0x00000000ffffba98,0x0000000100000000)
  to   space 59392K, 0% used [0x00000000f8c00000,0x00000000f8c00000,0x00000000fc600000)
 ParOldGen       total 699392K, used 44363K [0x00000000c0000000, 0x00000000eab00000, 0x00000000eab00000)
  object space 699392K, 6% used [0x00000000c0000000,0x00000000c2b52d00,0x00000000eab00000)
 Metaspace       used 43140K, capacity 47964K, committed 48256K, reserved 1091584K
  class space    used 5445K, capacity 6915K, committed 7040K, reserved 1048576K
}

