# JRE version: Java(TM) SE Runtime Environment (8.0_45-b15) (build 1.8.0_45-b15)
# Java VM: Java HotSpot(TM) 64-Bit Server VM (25.45-b02 mixed mode windows-amd64 compressed oops)
Heap:
 PSYoungGen      total 354816K, used 267127K [0x0000000780000000, 0x0000000799b80000, 0x00000007c0000000)
  eden space 305152K, 73% used [0x0000000780000000,0x000000078d98f248,0x0000000792a00000)
  from space 49664K, 89% used [0x0000000795f00000,0x0000000798a4ec80,0x0000000798f80000)
  to   space 54272K, 0% used [0x0000000792a00000,0x0000000792a00000,0x0000000795f00000)
 ParOldGen       total 218624K, used 62370K [0x0000000700000000, 0x000000070d580000, 0x0000000780000000)
  object space 218624K, 28% used [0x0000000700000000,0x0000000703ce8ab8,0x000000070d580000)
 Metaspace       used 46769K, capacity 51860K, committed 52096K, reserved 1093632K
  class space    used 5874K, capacity 7488K, committed 7552K, reserved 1048576K
GC Heap History (10 events):
Event: 5.491 GC heap before
{Heap before GC invocations=8 (full 2):
 PSYoungGen      total 197632K, used 197607K [0x0000000780000000, 0x000000078fd80000, 0x00000007c0000000)
  eden space 186880K, 100% used [0x0000000780000000,0x000000078b680000,0x000000078b680000)
  from space 10752K, 99% used [0x000000078b900000,0x000000078c379d60,0x000000078c380000)
  to   space 36352K, 0% used [0x000000078da00000,0x000000078da00000,0x000000078fd80000)
 ParOldGen       total 218624K, used 62354K [0x0000000700000000, 0x000000070d580000, 0x0000000780000000)
  object space 218624K, 28% used [0x0000000700000000,0x0000000703ce4ab8,0x000000070d580000)
 Metaspace       used 42714K, capacity 47610K, committed 47872K, reserved 1089536K
  class space    used 5380K, capacity 6842K, committed 6912K, reserved 1048576K
Event: 5.512 GC heap after
Heap after GC invocations=8 (full 2):
 PSYoungGen      total 217600K, used 33918K [0x0000000780000000, 0x0000000793d80000, 0x00000007c0000000)
  eden space 181248K, 0% used [0x0000000780000000,0x0000000780000000,0x000000078b100000)
  from space 36352K, 93% used [0x000000078da00000,0x000000078fb1f910,0x000000078fd80000)
  to   space 41984K, 0% used [0x000000078b100000,0x000000078b100000,0x000000078da00000)
 ParOldGen       total 218624K, used 62362K [0x0000000700000000, 0x000000070d580000, 0x0000000780000000)
  object space 218624K, 28% used [0x0000000700000000,0x0000000703ce6ab8,0x000000070d580000)
 Metaspace       used 42714K, capacity 47610K, committed 47872K, reserved 1089536K
  class space    used 5380K, capacity 6842K, committed 6912K, reserved 1048576K
}
Event: 5.739 GC heap before
{Heap before GC invocations=9 (full 2):
 PSYoungGen      total 217600K, used 215166K [0x0000000780000000, 0x0000000793d80000, 0x00000007c0000000)
  eden space 181248K, 100% used [0x0000000780000000,0x000000078b100000,0x000000078b100000)
  from space 36352K, 93% used [0x000000078da00000,0x000000078fb1f910,0x000000078fd80000)
  to   space 41984K, 0% used [0x000000078b100000,0x000000078b100000,0x000000078da00000)
 ParOldGen       total 218624K, used 62362K [0x0000000700000000, 0x000000070d580000, 0x0000000780000000)
  object space 218624K, 28% used [0x0000000700000000,0x0000000703ce6ab8,0x000000070d580000)
 Metaspace       used 42719K, capacity 47610K, committed 47872K, reserved 1089536K
  class space    used 5380K, capacity 6842K, committed 6912K, reserved 1048576K
Event: 5.758 GC heap after
Heap after GC invocations=9 (full 2):
 PSYoungGen      total 223232K, used 29784K [0x0000000780000000, 0x0000000794500000, 0x00000007c0000000)
  eden space 181248K, 0% used [0x0000000780000000,0x0000000780000000,0x000000078b100000)
  from space 41984K, 70% used [0x000000078b100000,0x000000078ce16010,0x000000078da00000)
  to   space 43008K, 0% used [0x0000000791b00000,0x0000000791b00000,0x0000000794500000)
 ParOldGen       total 218624K, used 62362K [0x0000000700000000, 0x000000070d580000, 0x0000000780000000)
  object space 218624K, 28% used [0x0000000700000000,0x0000000703ce6ab8,0x000000070d580000)
 Metaspace       used 42719K, capacity 47610K, committed 47872K, reserved 1089536K
  class space    used 5380K, capacity 6842K, committed 6912K, reserved 1048576K
}
Event: 6.059 GC heap before
{Heap before GC invocations=10 (full 2):
 PSYoungGen      total 223232K, used 211032K [0x0000000780000000, 0x0000000794500000, 0x00000007c0000000)
  eden space 181248K, 100% used [0x0000000780000000,0x000000078b100000,0x000000078b100000)
  from space 41984K, 70% used [0x000000078b100000,0x000000078ce16010,0x000000078da00000)
  to   space 43008K, 0% used [0x0000000791b00000,0x0000000791b00000,0x0000000794500000)
 ParOldGen       total 218624K, used 62362K [0x0000000700000000, 0x000000070d580000, 0x0000000780000000)
  object space 218624K, 28% used [0x0000000700000000,0x0000000703ce6ab8,0x000000070d580000)
 Metaspace       used 42719K, capacity 47610K, committed 47872K, reserved 1089536K
  class space    used 5380K, capacity 6842K, committed 6912K, reserved 1048576K
Event: 6.090 GC heap after
Heap after GC invocations=10 (full 2):
 PSYoungGen      total 285696K, used 37820K [0x0000000780000000, 0x0000000795880000, 0x00000007c0000000)
  eden space 242688K, 0% used [0x0000000780000000,0x0000000780000000,0x000000078ed00000)
  from space 43008K, 87% used [0x0000000791b00000,0x0000000793fef000,0x0000000794500000)
  to   space 47104K, 0% used [0x000000078ed00000,0x000000078ed00000,0x0000000791b00000)
 ParOldGen       total 218624K, used 62362K [0x0000000700000000, 0x000000070d580000, 0x0000000780000000)
  object space 218624K, 28% used [0x0000000700000000,0x0000000703ce6ab8,0x000000070d580000)
 Metaspace       used 42719K, capacity 47610K, committed 47872K, reserved 1089536K
  class space    used 5380K, capacity 6842K, committed 6912K, reserved 1048576K
}
Event: 6.362 GC heap before
{Heap before GC invocations=11 (full 2):
 PSYoungGen      total 285696K, used 280508K [0x0000000780000000, 0x0000000795880000, 0x00000007c0000000)
  eden space 242688K, 100% used [0x0000000780000000,0x000000078ed00000,0x000000078ed00000)
  from space 43008K, 87% used [0x0000000791b00000,0x0000000793fef000,0x0000000794500000)
  to   space 47104K, 0% used [0x000000078ed00000,0x000000078ed00000,0x0000000791b00000)
 ParOldGen       total 218624K, used 62362K [0x0000000700000000, 0x000000070d580000, 0x0000000780000000)
  object space 218624K, 28% used [0x0000000700000000,0x0000000703ce6ab8,0x000000070d580000)
 Metaspace       used 42720K, capacity 47610K, committed 47872K, reserved 1089536K
  class space    used 5380K, capacity 6842K, committed 6912K, reserved 1048576K
Event: 6.387 GC heap after
Heap after GC invocations=11 (full 2):
 PSYoungGen      total 289792K, used 37705K [0x0000000780000000, 0x0000000798f80000, 0x00000007c0000000)
  eden space 242688K, 0% used [0x0000000780000000,0x0000000780000000,0x000000078ed00000)
  from space 47104K, 80% used [0x000000078ed00000,0x00000007911d25e0,0x0000000791b00000)
  to   space 49664K, 0% used [0x0000000795f00000,0x0000000795f00000,0x0000000798f80000)
 ParOldGen       total 218624K, used 62362K [0x0000000700000000, 0x000000070d580000, 0x0000000780000000)
  object space 218624K, 28% used [0x0000000700000000,0x0000000703ce6ab8,0x000000070d580000)
 Metaspace       used 42720K, capacity 47610K, committed 47872K, reserved 1089536K
  class space    used 5380K, capacity 6842K, committed 6912K, reserved 1048576K
}
Event: 6.645 GC heap before
{Heap before GC invocations=12 (full 2):
 PSYoungGen      total 289792K, used 280393K [0x0000000780000000, 0x0000000798f80000, 0x00000007c0000000)
  eden space 242688K, 100% used [0x0000000780000000,0x000000078ed00000,0x000000078ed00000)
  from space 47104K, 80% used [0x000000078ed00000,0x00000007911d25e0,0x0000000791b00000)
  to   space 49664K, 0% used [0x0000000795f00000,0x0000000795f00000,0x0000000798f80000)
 ParOldGen       total 218624K, used 62362K [0x0000000700000000, 0x000000070d580000, 0x0000000780000000)
  object space 218624K, 28% used [0x0000000700000000,0x0000000703ce6ab8,0x000000070d580000)
 Metaspace       used 42726K, capacity 47610K, committed 47872K, reserved 1089536K
  class space    used 5380K, capacity 6842K, committed 6912K, reserved 1048576K
Event: 6.669 GC heap after
Heap after GC invocations=12 (full 2):
 PSYoungGen      total 354816K, used 44347K [0x0000000780000000, 0x0000000799b80000, 0x00000007c0000000)
  eden space 305152K, 0% used [0x0000000780000000,0x0000000780000000,0x0000000792a00000)
  from space 49664K, 89% used [0x0000000795f00000,0x0000000798a4ec80,0x0000000798f80000)
  to   space 54272K, 0% used [0x0000000792a00000,0x0000000792a00000,0x0000000795f00000)
 ParOldGen       total 218624K, used 62370K [0x0000000700000000, 0x000000070d580000, 0x0000000780000000)
  object space 218624K, 28% used [0x0000000700000000,0x0000000703ce8ab8,0x000000070d580000)
 Metaspace       used 42726K, capacity 47610K, committed 47872K, reserved 1089536K
  class space    used 5380K, capacity 6842K, committed 6912K, reserved 1048576K
}

