# JRE version: Java(TM) SE Runtime Environment (8.0_45-b15) (build 1.8.0_45-b15)
# Java VM: Java HotSpot(TM) 64-Bit Server VM (25.45-b02 mixed mode windows-amd64 compressed oops)
Heap:
 PSYoungGen      total 437760K, used 249176K [0x0000000780000000, 0x000000079d880000, 0x00000007c0000000)
  eden space 402944K, 61% used [0x0000000780000000,0x000000078f356328,0x0000000798980000)
  from space 34816K, 0% used [0x000000079b680000,0x000000079b680000,0x000000079d880000)
  to   space 40448K, 0% used [0x0000000798980000,0x0000000798980000,0x000000079b100000)
 ParOldGen       total 189952K, used 62173K [0x0000000700000000, 0x000000070b980000, 0x0000000780000000)
  object space 189952K, 32% used [0x0000000700000000,0x0000000703cb7740,0x000000070b980000)
 Metaspace       used 76319K, capacity 84948K, committed 85156K, reserved 1122304K
  class space    used 9568K, capacity 11666K, committed 11684K, reserved 1048576K
GC Heap History (10 events):
Event: 6.746 GC heap before
{Heap before GC invocations=15 (full 2):
 PSYoungGen      total 338432K, used 321045K [0x0000000780000000, 0x0000000797180000, 0x00000007c0000000)
  eden space 301568K, 99% used [0x0000000780000000,0x000000079266df98,0x0000000792680000)
  from space 36864K, 53% used [0x0000000794d80000,0x0000000796097630,0x0000000797180000)
  to   space 38400K, 0% used [0x0000000792680000,0x0000000792680000,0x0000000794c00000)
 ParOldGen       total 189952K, used 77252K [0x0000000700000000, 0x000000070b980000, 0x0000000780000000)
  object space 189952K, 40% used [0x0000000700000000,0x0000000704b713f0,0x000000070b980000)
 Metaspace       used 46349K, capacity 51286K, committed 51416K, reserved 1093632K
  class space    used 5833K, capacity 7337K, committed 7384K, reserved 1048576K
Event: 6.766 GC heap after
Heap after GC invocations=15 (full 2):
 PSYoungGen      total 339968K, used 31520K [0x0000000780000000, 0x000000079de00000, 0x00000007c0000000)
  eden space 301568K, 0% used [0x0000000780000000,0x0000000780000000,0x0000000792680000)
  from space 38400K, 82% used [0x0000000792680000,0x00000007945482d0,0x0000000794c00000)
  to   space 40448K, 0% used [0x000000079b680000,0x000000079b680000,0x000000079de00000)
 ParOldGen       total 189952K, used 78529K [0x0000000700000000, 0x000000070b980000, 0x0000000780000000)
  object space 189952K, 41% used [0x0000000700000000,0x0000000704cb0768,0x000000070b980000)
 Metaspace       used 46349K, capacity 51286K, committed 51416K, reserved 1093632K
  class space    used 5833K, capacity 7337K, committed 7384K, reserved 1048576K
}
Event: 7.239 GC heap before
{Heap before GC invocations=16 (full 2):
 PSYoungGen      total 339968K, used 135453K [0x0000000780000000, 0x000000079de00000, 0x00000007c0000000)
  eden space 301568K, 34% used [0x0000000780000000,0x000000078657f4f0,0x0000000792680000)
  from space 38400K, 82% used [0x0000000792680000,0x00000007945482d0,0x0000000794c00000)
  to   space 40448K, 0% used [0x000000079b680000,0x000000079b680000,0x000000079de00000)
 ParOldGen       total 189952K, used 78529K [0x0000000700000000, 0x000000070b980000, 0x0000000780000000)
  object space 189952K, 41% used [0x0000000700000000,0x0000000704cb0768,0x000000070b980000)
 Metaspace       used 53272K, capacity 58950K, committed 59284K, reserved 1099776K
  class space    used 6823K, capacity 8607K, committed 8664K, reserved 1048576K
Event: 7.255 GC heap after
Heap after GC invocations=16 (full 2):
 PSYoungGen      total 437760K, used 9906K [0x0000000780000000, 0x000000079d880000, 0x00000007c0000000)
  eden space 402944K, 0% used [0x0000000780000000,0x0000000780000000,0x0000000798980000)
  from space 34816K, 28% used [0x000000079b680000,0x000000079c02cb10,0x000000079d880000)
  to   space 40448K, 0% used [0x0000000798980000,0x0000000798980000,0x000000079b100000)
 ParOldGen       total 189952K, used 85678K [0x0000000700000000, 0x000000070b980000, 0x0000000780000000)
  object space 189952K, 45% used [0x0000000700000000,0x00000007053ab920,0x000000070b980000)
 Metaspace       used 53272K, capacity 58950K, committed 59284K, reserved 1099776K
  class space    used 6823K, capacity 8607K, committed 8664K, reserved 1048576K
}
Event: 7.271 GC heap before
{Heap before GC invocations=17 (full 2):
 PSYoungGen      total 437760K, used 18826K [0x0000000780000000, 0x000000079d880000, 0x00000007c0000000)
  eden space 402944K, 2% used [0x0000000780000000,0x00000007808b5d90,0x0000000798980000)
  from space 34816K, 28% used [0x000000079b680000,0x000000079c02cb10,0x000000079d880000)
  to   space 40448K, 0% used [0x0000000798980000,0x0000000798980000,0x000000079b100000)
 ParOldGen       total 189952K, used 85678K [0x0000000700000000, 0x000000070b980000, 0x0000000780000000)
  object space 189952K, 45% used [0x0000000700000000,0x00000007053ab920,0x000000070b980000)
 Metaspace       used 53622K, capacity 59270K, committed 59616K, reserved 1099776K
  class space    used 6888K, capacity 8671K, committed 8740K, reserved 1048576K
Event: 7.277 GC heap after
Heap after GC invocations=17 (full 2):
 PSYoungGen      total 443392K, used 544K [0x0000000780000000, 0x000000079d880000, 0x00000007c0000000)
  eden space 402944K, 0% used [0x0000000780000000,0x0000000780000000,0x0000000798980000)
  from space 40448K, 1% used [0x0000000798980000,0x0000000798a08000,0x000000079b100000)
  to   space 34816K, 0% used [0x000000079b680000,0x000000079b680000,0x000000079d880000)
 ParOldGen       total 189952K, used 90146K [0x0000000700000000, 0x000000070b980000, 0x0000000780000000)
  object space 189952K, 47% used [0x0000000700000000,0x00000007058088f0,0x000000070b980000)
 Metaspace       used 53622K, capacity 59270K, committed 59616K, reserved 1099776K
  class space    used 6888K, capacity 8671K, committed 8740K, reserved 1048576K
}
Event: 7.293 GC heap before
{Heap before GC invocations=18 (full 2):
 PSYoungGen      total 443392K, used 13252K [0x0000000780000000, 0x000000079d880000, 0x00000007c0000000)
  eden space 402944K, 3% used [0x0000000780000000,0x0000000780c693b8,0x0000000798980000)
  from space 40448K, 1% used [0x0000000798980000,0x0000000798a08000,0x000000079b100000)
  to   space 34816K, 0% used [0x000000079b680000,0x000000079b680000,0x000000079d880000)
 ParOldGen       total 189952K, used 90146K [0x0000000700000000, 0x000000070b980000, 0x0000000780000000)
  object space 189952K, 47% used [0x0000000700000000,0x00000007058088f0,0x000000070b980000)
 Metaspace       used 54094K, capacity 59654K, committed 59692K, reserved 1099776K
  class space    used 6973K, capacity 8735K, committed 8740K, reserved 1048576K
Event: 7.295 GC heap after
Heap after GC invocations=18 (full 2):
 PSYoungGen      total 437760K, used 585K [0x0000000780000000, 0x000000079d880000, 0x00000007c0000000)
  eden space 402944K, 0% used [0x0000000780000000,0x0000000780000000,0x0000000798980000)
  from space 34816K, 1% used [0x000000079b680000,0x000000079b712580,0x000000079d880000)
  to   space 40448K, 0% used [0x0000000798980000,0x0000000798980000,0x000000079b100000)
 ParOldGen       total 189952K, used 90362K [0x0000000700000000, 0x000000070b980000, 0x0000000780000000)
  object space 189952K, 47% used [0x0000000700000000,0x000000070583e8f0,0x000000070b980000)
 Metaspace       used 54094K, capacity 59654K, committed 59692K, reserved 1099776K
  class space    used 6973K, capacity 8735K, committed 8740K, reserved 1048576K
}
Event: 7.295 GC heap before
{Heap before GC invocations=19 (full 3):
 PSYoungGen      total 437760K, used 585K [0x0000000780000000, 0x000000079d880000, 0x00000007c0000000)
  eden space 402944K, 0% used [0x0000000780000000,0x0000000780000000,0x0000000798980000)
  from space 34816K, 1% used [0x000000079b680000,0x000000079b712580,0x000000079d880000)
  to   space 40448K, 0% used [0x0000000798980000,0x0000000798980000,0x000000079b100000)
 ParOldGen       total 189952K, used 90362K [0x0000000700000000, 0x000000070b980000, 0x0000000780000000)
  object space 189952K, 47% used [0x0000000700000000,0x000000070583e8f0,0x000000070b980000)
 Metaspace       used 54094K, capacity 59654K, committed 59692K, reserved 1099776K
  class space    used 6973K, capacity 8735K, committed 8740K, reserved 1048576K
Event: 7.462 GC heap after
Heap after GC invocations=19 (full 3):
 PSYoungGen      total 437760K, used 0K [0x0000000780000000, 0x000000079d880000, 0x00000007c0000000)
  eden space 402944K, 0% used [0x0000000780000000,0x0000000780000000,0x0000000798980000)
  from space 34816K, 0% used [0x000000079b680000,0x000000079b680000,0x000000079d880000)
  to   space 40448K, 0% used [0x0000000798980000,0x0000000798980000,0x000000079b100000)
 ParOldGen       total 189952K, used 62173K [0x0000000700000000, 0x000000070b980000, 0x0000000780000000)
  object space 189952K, 32% used [0x0000000700000000,0x0000000703cb7740,0x000000070b980000)
 Metaspace       used 54094K, capacity 59654K, committed 59692K, reserved 1099776K
  class space    used 6973K, capacity 8735K, committed 8740K, reserved 1048576K
}

