# JRE version: Java(TM) SE Runtime Environment (8.0_45-b15) (build 1.8.0_45-b15)
# Java VM: Java HotSpot(TM) 64-Bit Server VM (25.45-b02 mixed mode windows-amd64 compressed oops)
Heap:
 PSYoungGen      total 271360K, used 46336K [0x00000000eab00000, 0x0000000100000000, 0x0000000100000000)
  eden space 192000K, 14% used [0x00000000eab00000,0x00000000ec588cb0,0x00000000f6680000)
  from space 79360K, 24% used [0x00000000fb280000,0x00000000fc5375c8,0x0000000100000000)
  to   space 77824K, 0% used [0x00000000f6680000,0x00000000f6680000,0x00000000fb280000)
 ParOldGen       total 699392K, used 100400K [0x00000000c0000000, 0x00000000eab00000, 0x00000000eab00000)
  object space 699392K, 14% used [0x00000000c0000000,0x00000000c620c140,0x00000000eab00000)
 Metaspace       used 47031K, capacity 51974K, committed 52056K, reserved 1093632K
  class space    used 5905K, capacity 7459K, committed 7512K, reserved 1048576K
GC Heap History (10 events):
Event: 28.200 GC heap before
{Heap before GC invocations=8 (full 2):
 PSYoungGen      total 305664K, used 305633K [0x00000000eab00000, 0x0000000100000000, 0x0000000100000000)
  eden space 262144K, 100% used [0x00000000eab00000,0x00000000fab00000,0x00000000fab00000)
  from space 43520K, 99% used [0x00000000fab00000,0x00000000fd578738,0x00000000fd580000)
  to   space 43520K, 0% used [0x00000000fd580000,0x00000000fd580000,0x0000000100000000)
 ParOldGen       total 699392K, used 44793K [0x00000000c0000000, 0x00000000eab00000, 0x00000000eab00000)
  object space 699392K, 6% used [0x00000000c0000000,0x00000000c2bbe5c0,0x00000000eab00000)
 Metaspace       used 43659K, capacity 48596K, committed 48856K, reserved 1091584K
  class space    used 5496K, capacity 7001K, committed 7128K, reserved 1048576K
Event: 28.229 GC heap after
Heap after GC invocations=8 (full 2):
 PSYoungGen      total 233984K, used 43493K [0x00000000eab00000, 0x0000000100000000, 0x0000000100000000)
  eden space 190464K, 0% used [0x00000000eab00000,0x00000000eab00000,0x00000000f6500000)
  from space 43520K, 99% used [0x00000000fd580000,0x00000000ffff96d8,0x0000000100000000)
  to   space 79360K, 0% used [0x00000000f6500000,0x00000000f6500000,0x00000000fb280000)
 ParOldGen       total 699392K, used 62345K [0x00000000c0000000, 0x00000000eab00000, 0x00000000eab00000)
  object space 699392K, 8% used [0x00000000c0000000,0x00000000c3ce2780,0x00000000eab00000)
 Metaspace       used 43659K, capacity 48596K, committed 48856K, reserved 1091584K
  class space    used 5496K, capacity 7001K, committed 7128K, reserved 1048576K
}
Event: 28.478 GC heap before
{Heap before GC invocations=9 (full 2):
 PSYoungGen      total 233984K, used 233957K [0x00000000eab00000, 0x0000000100000000, 0x0000000100000000)
  eden space 190464K, 100% used [0x00000000eab00000,0x00000000f6500000,0x00000000f6500000)
  from space 43520K, 99% used [0x00000000fd580000,0x00000000ffff96d8,0x0000000100000000)
  to   space 79360K, 0% used [0x00000000f6500000,0x00000000f6500000,0x00000000fb280000)
 ParOldGen       total 699392K, used 62345K [0x00000000c0000000, 0x00000000eab00000, 0x00000000eab00000)
  object space 699392K, 8% used [0x00000000c0000000,0x00000000c3ce2780,0x00000000eab00000)
 Metaspace       used 43660K, capacity 48596K, committed 48856K, reserved 1091584K
  class space    used 5496K, capacity 7001K, committed 7128K, reserved 1048576K
Event: 28.498 GC heap after
Heap after GC invocations=9 (full 2):
 PSYoungGen      total 248320K, used 57404K [0x00000000eab00000, 0x0000000100000000, 0x0000000100000000)
  eden space 190464K, 0% used [0x00000000eab00000,0x00000000eab00000,0x00000000f6500000)
  from space 57856K, 99% used [0x00000000f6500000,0x00000000f9d0f070,0x00000000f9d80000)
  to   space 84480K, 0% used [0x00000000fad80000,0x00000000fad80000,0x0000000100000000)
 ParOldGen       total 699392K, used 62353K [0x00000000c0000000, 0x00000000eab00000, 0x00000000eab00000)
  object space 699392K, 8% used [0x00000000c0000000,0x00000000c3ce4780,0x00000000eab00000)
 Metaspace       used 43660K, capacity 48596K, committed 48856K, reserved 1091584K
  class space    used 5496K, capacity 7001K, committed 7128K, reserved 1048576K
}
Event: 28.660 GC heap before
{Heap before GC invocations=10 (full 2):
 PSYoungGen      total 248320K, used 247868K [0x00000000eab00000, 0x0000000100000000, 0x0000000100000000)
  eden space 190464K, 100% used [0x00000000eab00000,0x00000000f6500000,0x00000000f6500000)
  from space 57856K, 99% used [0x00000000f6500000,0x00000000f9d0f070,0x00000000f9d80000)
  to   space 84480K, 0% used [0x00000000fad80000,0x00000000fad80000,0x0000000100000000)
 ParOldGen       total 699392K, used 62353K [0x00000000c0000000, 0x00000000eab00000, 0x00000000eab00000)
  object space 699392K, 8% used [0x00000000c0000000,0x00000000c3ce4780,0x00000000eab00000)
 Metaspace       used 43661K, capacity 48596K, committed 48856K, reserved 1091584K
  class space    used 5496K, capacity 7001K, committed 7128K, reserved 1048576K
Event: 28.688 GC heap after
Heap after GC invocations=10 (full 2):
 PSYoungGen      total 267264K, used 23612K [0x00000000eab00000, 0x0000000100000000, 0x0000000100000000)
  eden space 182784K, 0% used [0x00000000eab00000,0x00000000eab00000,0x00000000f5d80000)
  from space 84480K, 27% used [0x00000000fad80000,0x00000000fc48f388,0x0000000100000000)
  to   space 81920K, 0% used [0x00000000f5d80000,0x00000000f5d80000,0x00000000fad80000)
 ParOldGen       total 699392K, used 91337K [0x00000000c0000000, 0x00000000eab00000, 0x00000000eab00000)
  object space 699392K, 13% used [0x00000000c0000000,0x00000000c59327d0,0x00000000eab00000)
 Metaspace       used 43661K, capacity 48596K, committed 48856K, reserved 1091584K
  class space    used 5496K, capacity 7001K, committed 7128K, reserved 1048576K
}
Event: 28.871 GC heap before
{Heap before GC invocations=11 (full 2):
 PSYoungGen      total 267264K, used 206396K [0x00000000eab00000, 0x0000000100000000, 0x0000000100000000)
  eden space 182784K, 100% used [0x00000000eab00000,0x00000000f5d80000,0x00000000f5d80000)
  from space 84480K, 27% used [0x00000000fad80000,0x00000000fc48f388,0x0000000100000000)
  to   space 81920K, 0% used [0x00000000f5d80000,0x00000000f5d80000,0x00000000fad80000)
 ParOldGen       total 699392K, used 91337K [0x00000000c0000000, 0x00000000eab00000, 0x00000000eab00000)
  object space 699392K, 13% used [0x00000000c0000000,0x00000000c59327d0,0x00000000eab00000)
 Metaspace       used 43667K, capacity 48596K, committed 48856K, reserved 1091584K
  class space    used 5496K, capacity 7001K, committed 7128K, reserved 1048576K
Event: 28.884 GC heap after
Heap after GC invocations=11 (full 2):
 PSYoungGen      total 264704K, used 22049K [0x00000000eab00000, 0x0000000100000000, 0x0000000100000000)
  eden space 182784K, 0% used [0x00000000eab00000,0x00000000eab00000,0x00000000f5d80000)
  from space 81920K, 26% used [0x00000000f5d80000,0x00000000f7308418,0x00000000fad80000)
  to   space 79360K, 0% used [0x00000000fb280000,0x00000000fb280000,0x0000000100000000)
 ParOldGen       total 699392K, used 97524K [0x00000000c0000000, 0x00000000eab00000, 0x00000000eab00000)
  object space 699392K, 13% used [0x00000000c0000000,0x00000000c5f3d100,0x00000000eab00000)
 Metaspace       used 43667K, capacity 48596K, committed 48856K, reserved 1091584K
  class space    used 5496K, capacity 7001K, committed 7128K, reserved 1048576K
}
Event: 29.988 GC heap before
{Heap before GC invocations=12 (full 2):
 PSYoungGen      total 264704K, used 204833K [0x00000000eab00000, 0x0000000100000000, 0x0000000100000000)
  eden space 182784K, 100% used [0x00000000eab00000,0x00000000f5d80000,0x00000000f5d80000)
  from space 81920K, 26% used [0x00000000f5d80000,0x00000000f7308418,0x00000000fad80000)
  to   space 79360K, 0% used [0x00000000fb280000,0x00000000fb280000,0x0000000100000000)
 ParOldGen       total 699392K, used 97524K [0x00000000c0000000, 0x00000000eab00000, 0x00000000eab00000)
  object space 699392K, 13% used [0x00000000c0000000,0x00000000c5f3d100,0x00000000eab00000)
 Metaspace       used 47029K, capacity 51974K, committed 52056K, reserved 1093632K
  class space    used 5905K, capacity 7459K, committed 7512K, reserved 1048576K
Event: 29.998 GC heap after
Heap after GC invocations=12 (full 2):
 PSYoungGen      total 271360K, used 19165K [0x00000000eab00000, 0x0000000100000000, 0x0000000100000000)
  eden space 192000K, 0% used [0x00000000eab00000,0x00000000eab00000,0x00000000f6680000)
  from space 79360K, 24% used [0x00000000fb280000,0x00000000fc5375c8,0x0000000100000000)
  to   space 77824K, 0% used [0x00000000f6680000,0x00000000f6680000,0x00000000fb280000)
 ParOldGen       total 699392K, used 100400K [0x00000000c0000000, 0x00000000eab00000, 0x00000000eab00000)
  object space 699392K, 14% used [0x00000000c0000000,0x00000000c620c140,0x00000000eab00000)
 Metaspace       used 47029K, capacity 51974K, committed 52056K, reserved 1093632K
  class space    used 5905K, capacity 7459K, committed 7512K, reserved 1048576K
}

