# JRE version: Java(TM) SE Runtime Environment (8.0_45-b15) (build 1.8.0_45-b15)
# Java VM: Java HotSpot(TM) 64-Bit Server VM (25.45-b02 mixed mode windows-amd64 compressed oops)
Heap:
 PSYoungGen      total 305664K, used 170338K [0x00000000d5580000, 0x00000000eaa80000, 0x0000000100000000)
  eden space 262144K, 50% used [0x00000000d5580000,0x00000000dd6384a8,0x00000000e5580000)
  from space 43520K, 88% used [0x00000000e5580000,0x00000000e7b20580,0x00000000e8000000)
  to   space 43520K, 0% used [0x00000000e8000000,0x00000000e8000000,0x00000000eaa80000)
 ParOldGen       total 718336K, used 66632K [0x0000000080000000, 0x00000000abd80000, 0x00000000d5580000)
  object space 718336K, 9% used [0x0000000080000000,0x00000000841123a8,0x00000000abd80000)
 Metaspace       used 82679K, capacity 91734K, committed 92120K, reserved 1130496K
  class space    used 10346K, capacity 12520K, committed 12544K, reserved 1048576K
GC Heap History (10 events):
Event: 6.259 GC heap before
{Heap before GC invocations=10 (full 2):
 PSYoungGen      total 305664K, used 305654K [0x00000000d5580000, 0x00000000eaa80000, 0x0000000100000000)
  eden space 262144K, 100% used [0x00000000d5580000,0x00000000e5580000,0x00000000e5580000)
  from space 43520K, 99% used [0x00000000e5580000,0x00000000e7ffd938,0x00000000e8000000)
  to   space 43520K, 0% used [0x00000000e8000000,0x00000000e8000000,0x00000000eaa80000)
 ParOldGen       total 699392K, used 78182K [0x0000000080000000, 0x00000000aab00000, 0x00000000d5580000)
  object space 699392K, 11% used [0x0000000080000000,0x0000000084c59b38,0x00000000aab00000)
 Metaspace       used 42928K, capacity 47710K, committed 47832K, reserved 1089536K
  class space    used 5415K, capacity 6873K, committed 6912K, reserved 1048576K
Event: 6.283 GC heap after
Heap after GC invocations=10 (full 2):
 PSYoungGen      total 305664K, used 33723K [0x00000000d5580000, 0x00000000eaa80000, 0x0000000100000000)
  eden space 262144K, 0% used [0x00000000d5580000,0x00000000d5580000,0x00000000e5580000)
  from space 43520K, 77% used [0x00000000e8000000,0x00000000ea0eef48,0x00000000eaa80000)
  to   space 43520K, 0% used [0x00000000e5580000,0x00000000e5580000,0x00000000e8000000)
 ParOldGen       total 699392K, used 106107K [0x0000000080000000, 0x00000000aab00000, 0x00000000d5580000)
  object space 699392K, 15% used [0x0000000080000000,0x000000008679ef08,0x00000000aab00000)
 Metaspace       used 42928K, capacity 47710K, committed 47832K, reserved 1089536K
  class space    used 5415K, capacity 6873K, committed 6912K, reserved 1048576K
}
Event: 7.430 GC heap before
{Heap before GC invocations=11 (full 2):
 PSYoungGen      total 305664K, used 295867K [0x00000000d5580000, 0x00000000eaa80000, 0x0000000100000000)
  eden space 262144K, 100% used [0x00000000d5580000,0x00000000e5580000,0x00000000e5580000)
  from space 43520K, 77% used [0x00000000e8000000,0x00000000ea0eef48,0x00000000eaa80000)
  to   space 43520K, 0% used [0x00000000e5580000,0x00000000e5580000,0x00000000e8000000)
 ParOldGen       total 699392K, used 106107K [0x0000000080000000, 0x00000000aab00000, 0x00000000d5580000)
  object space 699392K, 15% used [0x0000000080000000,0x000000008679ef08,0x00000000aab00000)
 Metaspace       used 47650K, capacity 53124K, committed 53208K, reserved 1095680K
  class space    used 5998K, capacity 7609K, committed 7680K, reserved 1048576K
Event: 7.451 GC heap after
Heap after GC invocations=11 (full 2):
 PSYoungGen      total 305664K, used 25876K [0x00000000d5580000, 0x00000000eaa80000, 0x0000000100000000)
  eden space 262144K, 0% used [0x00000000d5580000,0x00000000d5580000,0x00000000e5580000)
  from space 43520K, 59% used [0x00000000e5580000,0x00000000e6ec5210,0x00000000e8000000)
  to   space 43520K, 0% used [0x00000000e8000000,0x00000000e8000000,0x00000000eaa80000)
 ParOldGen       total 699392K, used 112254K [0x0000000080000000, 0x00000000aab00000, 0x00000000d5580000)
  object space 699392K, 16% used [0x0000000080000000,0x0000000086d9f858,0x00000000aab00000)
 Metaspace       used 47650K, capacity 53124K, committed 53208K, reserved 1095680K
  class space    used 5998K, capacity 7609K, committed 7680K, reserved 1048576K
}
Event: 8.035 GC heap before
{Heap before GC invocations=12 (full 2):
 PSYoungGen      total 305664K, used 71602K [0x00000000d5580000, 0x00000000eaa80000, 0x0000000100000000)
  eden space 262144K, 17% used [0x00000000d5580000,0x00000000d8227978,0x00000000e5580000)
  from space 43520K, 59% used [0x00000000e5580000,0x00000000e6ec5210,0x00000000e8000000)
  to   space 43520K, 0% used [0x00000000e8000000,0x00000000e8000000,0x00000000eaa80000)
 ParOldGen       total 699392K, used 112254K [0x0000000080000000, 0x00000000aab00000, 0x00000000d5580000)
  object space 699392K, 16% used [0x0000000080000000,0x0000000086d9f858,0x00000000aab00000)
 Metaspace       used 53002K, capacity 58858K, committed 58968K, reserved 1099776K
  class space    used 6716K, capacity 8501K, committed 8576K, reserved 1048576K
Event: 8.048 GC heap after
Heap after GC invocations=12 (full 2):
 PSYoungGen      total 305664K, used 15360K [0x00000000d5580000, 0x00000000eaa80000, 0x0000000100000000)
  eden space 262144K, 0% used [0x00000000d5580000,0x00000000d5580000,0x00000000e5580000)
  from space 43520K, 35% used [0x00000000e8000000,0x00000000e8f00130,0x00000000eaa80000)
  to   space 43520K, 0% used [0x00000000e5580000,0x00000000e5580000,0x00000000e8000000)
 ParOldGen       total 699392K, used 116698K [0x0000000080000000, 0x00000000aab00000, 0x00000000d5580000)
  object space 699392K, 16% used [0x0000000080000000,0x00000000871f68f0,0x00000000aab00000)
 Metaspace       used 53002K, capacity 58858K, committed 58968K, reserved 1099776K
  class space    used 6716K, capacity 8501K, committed 8576K, reserved 1048576K
}
Event: 8.048 GC heap before
{Heap before GC invocations=13 (full 3):
 PSYoungGen      total 305664K, used 15360K [0x00000000d5580000, 0x00000000eaa80000, 0x0000000100000000)
  eden space 262144K, 0% used [0x00000000d5580000,0x00000000d5580000,0x00000000e5580000)
  from space 43520K, 35% used [0x00000000e8000000,0x00000000e8f00130,0x00000000eaa80000)
  to   space 43520K, 0% used [0x00000000e5580000,0x00000000e5580000,0x00000000e8000000)
 ParOldGen       total 699392K, used 116698K [0x0000000080000000, 0x00000000aab00000, 0x00000000d5580000)
  object space 699392K, 16% used [0x0000000080000000,0x00000000871f68f0,0x00000000aab00000)
 Metaspace       used 53002K, capacity 58858K, committed 58968K, reserved 1099776K
  class space    used 6716K, capacity 8501K, committed 8576K, reserved 1048576K
Event: 8.257 GC heap after
Heap after GC invocations=13 (full 3):
 PSYoungGen      total 305664K, used 0K [0x00000000d5580000, 0x00000000eaa80000, 0x0000000100000000)
  eden space 262144K, 0% used [0x00000000d5580000,0x00000000d5580000,0x00000000e5580000)
  from space 43520K, 0% used [0x00000000e8000000,0x00000000e8000000,0x00000000eaa80000)
  to   space 43520K, 0% used [0x00000000e5580000,0x00000000e5580000,0x00000000e8000000)
 ParOldGen       total 718336K, used 66616K [0x0000000080000000, 0x00000000abd80000, 0x00000000d5580000)
  object space 718336K, 9% used [0x0000000080000000,0x000000008410e3a8,0x00000000abd80000)
 Metaspace       used 53002K, capacity 58858K, committed 58968K, reserved 1099776K
  class space    used 6716K, capacity 8501K, committed 8576K, reserved 1048576K
}
Event: 10.536 GC heap before
{Heap before GC invocations=14 (full 3):
 PSYoungGen      total 305664K, used 262144K [0x00000000d5580000, 0x00000000eaa80000, 0x0000000100000000)
  eden space 262144K, 100% used [0x00000000d5580000,0x00000000e5580000,0x00000000e5580000)
  from space 43520K, 0% used [0x00000000e8000000,0x00000000e8000000,0x00000000eaa80000)
  to   space 43520K, 0% used [0x00000000e5580000,0x00000000e5580000,0x00000000e8000000)
 ParOldGen       total 718336K, used 66616K [0x0000000080000000, 0x00000000abd80000, 0x00000000d5580000)
  object space 718336K, 9% used [0x0000000080000000,0x000000008410e3a8,0x00000000abd80000)
 Metaspace       used 76783K, capacity 85408K, committed 85720K, reserved 1124352K
  class space    used 9574K, capacity 11663K, committed 11776K, reserved 1048576K
Event: 10.567 GC heap after
Heap after GC invocations=14 (full 3):
 PSYoungGen      total 305664K, used 38529K [0x00000000d5580000, 0x00000000eaa80000, 0x0000000100000000)
  eden space 262144K, 0% used [0x00000000d5580000,0x00000000d5580000,0x00000000e5580000)
  from space 43520K, 88% used [0x00000000e5580000,0x00000000e7b20580,0x00000000e8000000)
  to   space 43520K, 0% used [0x00000000e8000000,0x00000000e8000000,0x00000000eaa80000)
 ParOldGen       total 718336K, used 66632K [0x0000000080000000, 0x00000000abd80000, 0x00000000d5580000)
  object space 718336K, 9% used [0x0000000080000000,0x00000000841123a8,0x00000000abd80000)
 Metaspace       used 76783K, capacity 85408K, committed 85720K, reserved 1124352K
  class space    used 9574K, capacity 11663K, committed 11776K, reserved 1048576K
}

