# JRE version: Java(TM) SE Runtime Environment (7.0_51-b13) (build 1.7.0_51-b13)
# Java VM: Java HotSpot(TM) 64-Bit Server VM (24.51-b03 mixed mode windows-amd64 compressed oops)
Heap
 PSYoungGen      total 349184K, used 143189K [0x00000000eaa80000, 0x0000000100000000, 0x0000000100000000)
  eden space 348672K, 41% used [0x00000000eaa80000,0x00000000f363d408,0x00000000fff00000)
  from space 512K, 18% used [0x00000000fff00000,0x00000000fff18000,0x00000000fff80000)
  to   space 512K, 0% used [0x00000000fff80000,0x00000000fff80000,0x0000000100000000)
 ParOldGen       total 699392K, used 303687K [0x00000000bff80000, 0x00000000eaa80000, 0x00000000eaa80000)
  object space 699392K, 43% used [0x00000000bff80000,0x00000000d2811dc8,0x00000000eaa80000)
 PSPermGen       total 131072K, used 130845K [0x00000000aff80000, 0x00000000b7f80000, 0x00000000bff80000)
  object space 131072K, 99% used [0x00000000aff80000,0x00000000b7f475a8,0x00000000b7f80000)
GC Heap History (10 events):
Event: 1407.891 GC heap before
{Heap before GC invocations=165 (full 0):
 PSYoungGen      total 349184K, used 348768K [0x00000000eaa80000, 0x0000000100000000, 0x0000000100000000)
  eden space 348672K, 100% used [0x00000000eaa80000,0x00000000fff00000,0x00000000fff00000)
  from space 512K, 18% used [0x00000000fff80000,0x00000000fff98000,0x0000000100000000)
  to   space 512K, 0% used [0x00000000fff00000,0x00000000fff00000,0x00000000fff80000)
 ParOldGen       total 699392K, used 303639K [0x00000000bff80000, 0x00000000eaa80000, 0x00000000eaa80000)
  object space 699392K, 43% used [0x00000000bff80000,0x00000000d2805dc8,0x00000000eaa80000)
 PSPermGen       total 131072K, used 130807K [0x00000000aff80000, 0x00000000b7f80000, 0x00000000bff80000)
  object space 131072K, 99% used [0x00000000aff80000,0x00000000b7f3deb0,0x00000000b7f80000)
Event: 1407.910 GC heap after
Heap after GC invocations=165 (full 0):
 PSYoungGen      total 349184K, used 96K [0x00000000eaa80000, 0x0000000100000000, 0x0000000100000000)
  eden space 348672K, 0% used [0x00000000eaa80000,0x00000000eaa80000,0x00000000fff00000)
  from space 512K, 18% used [0x00000000fff00000,0x00000000fff18000,0x00000000fff80000)
  to   space 512K, 0% used [0x00000000fff80000,0x00000000fff80000,0x0000000100000000)
 ParOldGen       total 699392K, used 303647K [0x00000000bff80000, 0x00000000eaa80000, 0x00000000eaa80000)
  object space 699392K, 43% used [0x00000000bff80000,0x00000000d2807dc8,0x00000000eaa80000)
 PSPermGen       total 131072K, used 130807K [0x00000000aff80000, 0x00000000b7f80000, 0x00000000bff80000)
  object space 131072K, 99% used [0x00000000aff80000,0x00000000b7f3deb0,0x00000000b7f80000)
}
Event: 1413.095 GC heap before
{Heap before GC invocations=166 (full 0):
 PSYoungGen      total 349184K, used 348768K [0x00000000eaa80000, 0x0000000100000000, 0x0000000100000000)
  eden space 348672K, 100% used [0x00000000eaa80000,0x00000000fff00000,0x00000000fff00000)
  from space 512K, 18% used [0x00000000fff00000,0x00000000fff18000,0x00000000fff80000)
  to   space 512K, 0% used [0x00000000fff80000,0x00000000fff80000,0x0000000100000000)
 ParOldGen       total 699392K, used 303647K [0x00000000bff80000, 0x00000000eaa80000, 0x00000000eaa80000)
  object space 699392K, 43% used [0x00000000bff80000,0x00000000d2807dc8,0x00000000eaa80000)
 PSPermGen       total 131072K, used 130807K [0x00000000aff80000, 0x00000000b7f80000, 0x00000000bff80000)
  object space 131072K, 99% used [0x00000000aff80000,0x00000000b7f3deb0,0x00000000b7f80000)
Event: 1413.113 GC heap after
Heap after GC invocations=166 (full 0):
 PSYoungGen      total 349184K, used 96K [0x00000000eaa80000, 0x0000000100000000, 0x0000000100000000)
  eden space 348672K, 0% used [0x00000000eaa80000,0x00000000eaa80000,0x00000000fff00000)
  from space 512K, 18% used [0x00000000fff80000,0x00000000fff98000,0x0000000100000000)
  to   space 512K, 0% used [0x00000000fff00000,0x00000000fff00000,0x00000000fff80000)
 ParOldGen       total 699392K, used 303655K [0x00000000bff80000, 0x00000000eaa80000, 0x00000000eaa80000)
  object space 699392K, 43% used [0x00000000bff80000,0x00000000d2809dc8,0x00000000eaa80000)
 PSPermGen       total 131072K, used 130807K [0x00000000aff80000, 0x00000000b7f80000, 0x00000000bff80000)
  object space 131072K, 99% used [0x00000000aff80000,0x00000000b7f3deb0,0x00000000b7f80000)
}
Event: 1418.265 GC heap before
{Heap before GC invocations=167 (full 0):
 PSYoungGen      total 349184K, used 348768K [0x00000000eaa80000, 0x0000000100000000, 0x0000000100000000)
  eden space 348672K, 100% used [0x00000000eaa80000,0x00000000fff00000,0x00000000fff00000)
  from space 512K, 18% used [0x00000000fff80000,0x00000000fff98000,0x0000000100000000)
  to   space 512K, 0% used [0x00000000fff00000,0x00000000fff00000,0x00000000fff80000)
 ParOldGen       total 699392K, used 303655K [0x00000000bff80000, 0x00000000eaa80000, 0x00000000eaa80000)
  object space 699392K, 43% used [0x00000000bff80000,0x00000000d2809dc8,0x00000000eaa80000)
 PSPermGen       total 131072K, used 130807K [0x00000000aff80000, 0x00000000b7f80000, 0x00000000bff80000)
  object space 131072K, 99% used [0x00000000aff80000,0x00000000b7f3deb0,0x00000000b7f80000)
Event: 1418.282 GC heap after
Heap after GC invocations=167 (full 0):
 PSYoungGen      total 349184K, used 96K [0x00000000eaa80000, 0x0000000100000000, 0x0000000100000000)
  eden space 348672K, 0% used [0x00000000eaa80000,0x00000000eaa80000,0x00000000fff00000)
  from space 512K, 18% used [0x00000000fff00000,0x00000000fff18000,0x00000000fff80000)
  to   space 512K, 0% used [0x00000000fff80000,0x00000000fff80000,0x0000000100000000)
 ParOldGen       total 699392K, used 303663K [0x00000000bff80000, 0x00000000eaa80000, 0x00000000eaa80000)
  object space 699392K, 43% used [0x00000000bff80000,0x00000000d280bdc8,0x00000000eaa80000)
 PSPermGen       total 131072K, used 130807K [0x00000000aff80000, 0x00000000b7f80000, 0x00000000bff80000)
  object space 131072K, 99% used [0x00000000aff80000,0x00000000b7f3deb0,0x00000000b7f80000)
}
Event: 1424.100 GC heap before
{Heap before GC invocations=168 (full 0):
 PSYoungGen      total 349184K, used 348768K [0x00000000eaa80000, 0x0000000100000000, 0x0000000100000000)
  eden space 348672K, 100% used [0x00000000eaa80000,0x00000000fff00000,0x00000000fff00000)
  from space 512K, 18% used [0x00000000fff00000,0x00000000fff18000,0x00000000fff80000)
  to   space 512K, 0% used [0x00000000fff80000,0x00000000fff80000,0x0000000100000000)
 ParOldGen       total 699392K, used 303663K [0x00000000bff80000, 0x00000000eaa80000, 0x00000000eaa80000)
  object space 699392K, 43% used [0x00000000bff80000,0x00000000d280bdc8,0x00000000eaa80000)
 PSPermGen       total 131072K, used 130807K [0x00000000aff80000, 0x00000000b7f80000, 0x00000000bff80000)
  object space 131072K, 99% used [0x00000000aff80000,0x00000000b7f3deb0,0x00000000b7f80000)
Event: 1424.119 GC heap after
Heap after GC invocations=168 (full 0):
 PSYoungGen      total 349184K, used 96K [0x00000000eaa80000, 0x0000000100000000, 0x0000000100000000)
  eden space 348672K, 0% used [0x00000000eaa80000,0x00000000eaa80000,0x00000000fff00000)
  from space 512K, 18% used [0x00000000fff80000,0x00000000fff98000,0x0000000100000000)
  to   space 512K, 0% used [0x00000000fff00000,0x00000000fff00000,0x00000000fff80000)
 ParOldGen       total 699392K, used 303679K [0x00000000bff80000, 0x00000000eaa80000, 0x00000000eaa80000)
  object space 699392K, 43% used [0x00000000bff80000,0x00000000d280fdc8,0x00000000eaa80000)
 PSPermGen       total 131072K, used 130807K [0x00000000aff80000, 0x00000000b7f80000, 0x00000000bff80000)
  object space 131072K, 99% used [0x00000000aff80000,0x00000000b7f3deb0,0x00000000b7f80000)
}
Event: 1429.341 GC heap before
{Heap before GC invocations=169 (full 0):
 PSYoungGen      total 349184K, used 348768K [0x00000000eaa80000, 0x0000000100000000, 0x0000000100000000)
  eden space 348672K, 100% used [0x00000000eaa80000,0x00000000fff00000,0x00000000fff00000)
  from space 512K, 18% used [0x00000000fff80000,0x00000000fff98000,0x0000000100000000)
  to   space 512K, 0% used [0x00000000fff00000,0x00000000fff00000,0x00000000fff80000)
 ParOldGen       total 699392K, used 303679K [0x00000000bff80000, 0x00000000eaa80000, 0x00000000eaa80000)
  object space 699392K, 43% used [0x00000000bff80000,0x00000000d280fdc8,0x00000000eaa80000)
 PSPermGen       total 131072K, used 130807K [0x00000000aff80000, 0x00000000b7f80000, 0x00000000bff80000)
  object space 131072K, 99% used [0x00000000aff80000,0x00000000b7f3deb0,0x00000000b7f80000)
Event: 1429.358 GC heap after
Heap after GC invocations=169 (full 0):
 PSYoungGen      total 349184K, used 96K [0x00000000eaa80000, 0x0000000100000000, 0x0000000100000000)
  eden space 348672K, 0% used [0x00000000eaa80000,0x00000000eaa80000,0x00000000fff00000)
  from space 512K, 18% used [0x00000000fff00000,0x00000000fff18000,0x00000000fff80000)
  to   space 512K, 0% used [0x00000000fff80000,0x00000000fff80000,0x0000000100000000)
 ParOldGen       total 699392K, used 303687K [0x00000000bff80000, 0x00000000eaa80000, 0x00000000eaa80000)
  object space 699392K, 43% used [0x00000000bff80000,0x00000000d2811dc8,0x00000000eaa80000)
 PSPermGen       total 131072K, used 130807K [0x00000000aff80000, 0x00000000b7f80000, 0x00000000bff80000)
  object space 131072K, 99% used [0x00000000aff80000,0x00000000b7f3deb0,0x00000000b7f80000)
}

