# JRE version: Java(TM) SE Runtime Environment (8.0_45-b15) (build 1.8.0_45-b15)
# Java VM: Java HotSpot(TM) 64-Bit Server VM (25.45-b02 mixed mode windows-amd64 compressed oops)
Heap:
 PSYoungGen      total 251392K, used 66093K [0x00000000eab00000, 0x0000000100000000, 0x0000000100000000)
  eden space 147456K, 40% used [0x00000000eab00000,0x00000000ee5ed348,0x00000000f3b00000)
  from space 103936K, 5% used [0x00000000f9a80000,0x00000000fa01e1f8,0x0000000100000000)
  to   space 97792K, 0% used [0x00000000f3b00000,0x00000000f3b00000,0x00000000f9a80000)
 ParOldGen       total 699392K, used 240084K [0x00000000c0000000, 0x00000000eab00000, 0x00000000eab00000)
  object space 699392K, 34% used [0x00000000c0000000,0x00000000cea75018,0x00000000eab00000)
 Metaspace       used 104492K, capacity 112492K, committed 114392K, reserved 1146880K
  class space    used 13251K, capacity 15518K, committed 16128K, reserved 1048576K
GC Heap History (10 events):
Event: 4356.084 GC heap before
{Heap before GC invocations=38 (full 4):
 PSYoungGen      total 232960K, used 116960K [0x00000000eab00000, 0x0000000100000000, 0x0000000100000000)
  eden space 116736K, 100% used [0x00000000eab00000,0x00000000f1d00000,0x00000000f1d00000)
  from space 116224K, 0% used [0x00000000f1d00000,0x00000000f1d38000,0x00000000f8e80000)
  to   space 116224K, 0% used [0x00000000f8e80000,0x00000000f8e80000,0x0000000100000000)
 ParOldGen       total 699392K, used 240004K [0x00000000c0000000, 0x00000000eab00000, 0x00000000eab00000)
  object space 699392K, 34% used [0x00000000c0000000,0x00000000cea61018,0x00000000eab00000)
 Metaspace       used 103735K, capacity 111426K, committed 113496K, reserved 1146880K
  class space    used 13186K, capacity 15425K, committed 16000K, reserved 1048576K
Event: 4356.097 GC heap after
Heap after GC invocations=38 (full 4):
 PSYoungGen      total 232960K, used 256K [0x00000000eab00000, 0x0000000100000000, 0x0000000100000000)
  eden space 116736K, 0% used [0x00000000eab00000,0x00000000eab00000,0x00000000f1d00000)
  from space 116224K, 0% used [0x00000000f8e80000,0x00000000f8ec0000,0x0000000100000000)
  to   space 116224K, 0% used [0x00000000f1d00000,0x00000000f1d00000,0x00000000f8e80000)
 ParOldGen       total 699392K, used 240052K [0x00000000c0000000, 0x00000000eab00000, 0x00000000eab00000)
  object space 699392K, 34% used [0x00000000c0000000,0x00000000cea6d018,0x00000000eab00000)
 Metaspace       used 103735K, capacity 111426K, committed 113496K, reserved 1146880K
  class space    used 13186K, capacity 15425K, committed 16000K, reserved 1048576K
}
Event: 5451.720 GC heap before
{Heap before GC invocations=39 (full 4):
 PSYoungGen      total 232960K, used 116992K [0x00000000eab00000, 0x0000000100000000, 0x0000000100000000)
  eden space 116736K, 100% used [0x00000000eab00000,0x00000000f1d00000,0x00000000f1d00000)
  from space 116224K, 0% used [0x00000000f8e80000,0x00000000f8ec0000,0x0000000100000000)
  to   space 116224K, 0% used [0x00000000f1d00000,0x00000000f1d00000,0x00000000f8e80000)
 ParOldGen       total 699392K, used 240052K [0x00000000c0000000, 0x00000000eab00000, 0x00000000eab00000)
  object space 699392K, 34% used [0x00000000c0000000,0x00000000cea6d018,0x00000000eab00000)
 Metaspace       used 104100K, capacity 112044K, committed 114136K, reserved 1146880K
  class space    used 13218K, capacity 15464K, committed 16128K, reserved 1048576K
Event: 5451.725 GC heap after
Heap after GC invocations=39 (full 4):
 PSYoungGen      total 232960K, used 806K [0x00000000eab00000, 0x0000000100000000, 0x0000000100000000)
  eden space 116736K, 0% used [0x00000000eab00000,0x00000000eab00000,0x00000000f1d00000)
  from space 116224K, 0% used [0x00000000f1d00000,0x00000000f1dc9810,0x00000000f8e80000)
  to   space 114688K, 0% used [0x00000000f9000000,0x00000000f9000000,0x0000000100000000)
 ParOldGen       total 699392K, used 240076K [0x00000000c0000000, 0x00000000eab00000, 0x00000000eab00000)
  object space 699392K, 34% used [0x00000000c0000000,0x00000000cea73018,0x00000000eab00000)
 Metaspace       used 104100K, capacity 112044K, committed 114136K, reserved 1146880K
  class space    used 13218K, capacity 15464K, committed 16128K, reserved 1048576K
}
Event: 5459.223 GC heap before
{Heap before GC invocations=40 (full 4):
 PSYoungGen      total 232960K, used 117542K [0x00000000eab00000, 0x0000000100000000, 0x0000000100000000)
  eden space 116736K, 100% used [0x00000000eab00000,0x00000000f1d00000,0x00000000f1d00000)
  from space 116224K, 0% used [0x00000000f1d00000,0x00000000f1dc9810,0x00000000f8e80000)
  to   space 114688K, 0% used [0x00000000f9000000,0x00000000f9000000,0x0000000100000000)
 ParOldGen       total 699392K, used 240076K [0x00000000c0000000, 0x00000000eab00000, 0x00000000eab00000)
  object space 699392K, 34% used [0x00000000c0000000,0x00000000cea73018,0x00000000eab00000)
 Metaspace       used 104304K, capacity 112266K, committed 114136K, reserved 1146880K
  class space    used 13239K, capacity 15501K, committed 16128K, reserved 1048576K
Event: 5459.228 GC heap after
Heap after GC invocations=40 (full 4):
 PSYoungGen      total 240128K, used 2870K [0x00000000eab00000, 0x0000000100000000, 0x0000000100000000)
  eden space 125440K, 0% used [0x00000000eab00000,0x00000000eab00000,0x00000000f2580000)
  from space 114688K, 2% used [0x00000000f9000000,0x00000000f92cda30,0x0000000100000000)
  to   space 109056K, 0% used [0x00000000f2580000,0x00000000f2580000,0x00000000f9000000)
 ParOldGen       total 699392K, used 240084K [0x00000000c0000000, 0x00000000eab00000, 0x00000000eab00000)
  object space 699392K, 34% used [0x00000000c0000000,0x00000000cea75018,0x00000000eab00000)
 Metaspace       used 104304K, capacity 112266K, committed 114136K, reserved 1146880K
  class space    used 13239K, capacity 15501K, committed 16128K, reserved 1048576K
}
Event: 5459.888 GC heap before
{Heap before GC invocations=41 (full 4):
 PSYoungGen      total 240128K, used 128310K [0x00000000eab00000, 0x0000000100000000, 0x0000000100000000)
  eden space 125440K, 100% used [0x00000000eab00000,0x00000000f2580000,0x00000000f2580000)
  from space 114688K, 2% used [0x00000000f9000000,0x00000000f92cda30,0x0000000100000000)
  to   space 109056K, 0% used [0x00000000f2580000,0x00000000f2580000,0x00000000f9000000)
 ParOldGen       total 699392K, used 240084K [0x00000000c0000000, 0x00000000eab00000, 0x00000000eab00000)
  object space 699392K, 34% used [0x00000000c0000000,0x00000000cea75018,0x00000000eab00000)
 Metaspace       used 104305K, capacity 112266K, committed 114136K, reserved 1146880K
  class space    used 13240K, capacity 15501K, committed 16128K, reserved 1048576K
Event: 5459.893 GC heap after
Heap after GC invocations=41 (full 4):
 PSYoungGen      total 234496K, used 4243K [0x00000000eab00000, 0x0000000100000000, 0x0000000100000000)
  eden space 125440K, 0% used [0x00000000eab00000,0x00000000eab00000,0x00000000f2580000)
  from space 109056K, 3% used [0x00000000f2580000,0x00000000f29a4ea0,0x00000000f9000000)
  to   space 103936K, 0% used [0x00000000f9a80000,0x00000000f9a80000,0x0000000100000000)
 ParOldGen       total 699392K, used 240084K [0x00000000c0000000, 0x00000000eab00000, 0x00000000eab00000)
  object space 699392K, 34% used [0x00000000c0000000,0x00000000cea75018,0x00000000eab00000)
 Metaspace       used 104305K, capacity 112266K, committed 114136K, reserved 1146880K
  class space    used 13240K, capacity 15501K, committed 16128K, reserved 1048576K
}
Event: 5460.540 GC heap before
{Heap before GC invocations=42 (full 4):
 PSYoungGen      total 234496K, used 129683K [0x00000000eab00000, 0x0000000100000000, 0x0000000100000000)
  eden space 125440K, 100% used [0x00000000eab00000,0x00000000f2580000,0x00000000f2580000)
  from space 109056K, 3% used [0x00000000f2580000,0x00000000f29a4ea0,0x00000000f9000000)
  to   space 103936K, 0% used [0x00000000f9a80000,0x00000000f9a80000,0x0000000100000000)
 ParOldGen       total 699392K, used 240084K [0x00000000c0000000, 0x00000000eab00000, 0x00000000eab00000)
  object space 699392K, 34% used [0x00000000c0000000,0x00000000cea75018,0x00000000eab00000)
 Metaspace       used 104305K, capacity 112266K, committed 114136K, reserved 1146880K
  class space    used 13240K, capacity 15501K, committed 16128K, reserved 1048576K
Event: 5460.549 GC heap after
Heap after GC invocations=42 (full 4):
 PSYoungGen      total 251392K, used 5752K [0x00000000eab00000, 0x0000000100000000, 0x0000000100000000)
  eden space 147456K, 0% used [0x00000000eab00000,0x00000000eab00000,0x00000000f3b00000)
  from space 103936K, 5% used [0x00000000f9a80000,0x00000000fa01e1f8,0x0000000100000000)
  to   space 97792K, 0% used [0x00000000f3b00000,0x00000000f3b00000,0x00000000f9a80000)
 ParOldGen       total 699392K, used 240084K [0x00000000c0000000, 0x00000000eab00000, 0x00000000eab00000)
  object space 699392K, 34% used [0x00000000c0000000,0x00000000cea75018,0x00000000eab00000)
 Metaspace       used 104305K, capacity 112266K, committed 114136K, reserved 1146880K
  class space    used 13240K, capacity 15501K, committed 16128K, reserved 1048576K
}

