# JRE version: Java(TM) SE Runtime Environment (8.0_45-b15) (build 1.8.0_45-b15)
# Java VM: Java HotSpot(TM) 64-Bit Server VM (25.45-b02 mixed mode windows-amd64 compressed oops)
Heap:
 PSYoungGen      total 137216K, used 97836K [0x00000000f5580000, 0x0000000100000000, 0x0000000100000000)
  eden space 99840K, 97% used [0x00000000f5580000,0x00000000fb50b210,0x00000000fb700000)
  from space 37376K, 0% used [0x00000000fdb80000,0x00000000fdb80000,0x0000000100000000)
  to   space 37376K, 0% used [0x00000000fb700000,0x00000000fb700000,0x00000000fdb80000)
 ParOldGen       total 349696K, used 41992K [0x00000000e0000000, 0x00000000f5580000, 0x00000000f5580000)
  object space 349696K, 12% used [0x00000000e0000000,0x00000000e2902090,0x00000000f5580000)
 Metaspace       used 67375K, capacity 73906K, committed 74004K, reserved 1112064K
  class space    used 8657K, capacity 10768K, committed 10772K, reserved 1048576K
GC Heap History (10 events):
Event: 4.876 GC heap before
{Heap before GC invocations=11 (full 2):
 PSYoungGen      total 133120K, used 128265K [0x00000000f5580000, 0x0000000100000000, 0x0000000100000000)
  eden space 97792K, 100% used [0x00000000f5580000,0x00000000fb500000,0x00000000fb500000)
  from space 35328K, 86% used [0x00000000fdd80000,0x00000000ffb42590,0x0000000100000000)
  to   space 38400K, 0% used [0x00000000fb500000,0x00000000fb500000,0x00000000fda80000)
 ParOldGen       total 349696K, used 29123K [0x00000000e0000000, 0x00000000f5580000, 0x00000000f5580000)
  object space 349696K, 8% used [0x00000000e0000000,0x00000000e1c70f78,0x00000000f5580000)
 Metaspace       used 43420K, capacity 48312K, committed 48472K, reserved 1091584K
  class space    used 5495K, capacity 6881K, committed 7000K, reserved 1048576K
Event: 4.890 GC heap after
Heap after GC invocations=11 (full 2):
 PSYoungGen      total 105984K, used 7950K [0x00000000f5580000, 0x0000000100000000, 0x0000000100000000)
  eden space 97792K, 0% used [0x00000000f5580000,0x00000000f5580000,0x00000000fb500000)
  from space 8192K, 97% used [0x00000000fb500000,0x00000000fbcc3be0,0x00000000fbd00000)
  to   space 38912K, 0% used [0x00000000fda00000,0x00000000fda00000,0x0000000100000000)
 ParOldGen       total 349696K, used 46796K [0x00000000e0000000, 0x00000000f5580000, 0x00000000f5580000)
  object space 349696K, 13% used [0x00000000e0000000,0x00000000e2db32d0,0x00000000f5580000)
 Metaspace       used 43420K, capacity 48312K, committed 48472K, reserved 1091584K
  class space    used 5495K, capacity 6881K, committed 7000K, reserved 1048576K
}
Event: 5.074 GC heap before
{Heap before GC invocations=12 (full 2):
 PSYoungGen      total 105984K, used 105699K [0x00000000f5580000, 0x0000000100000000, 0x0000000100000000)
  eden space 97792K, 99% used [0x00000000f5580000,0x00000000fb4f5340,0x00000000fb500000)
  from space 8192K, 97% used [0x00000000fb500000,0x00000000fbcc3be0,0x00000000fbd00000)
  to   space 38912K, 0% used [0x00000000fda00000,0x00000000fda00000,0x0000000100000000)
 ParOldGen       total 349696K, used 46796K [0x00000000e0000000, 0x00000000f5580000, 0x00000000f5580000)
  object space 349696K, 13% used [0x00000000e0000000,0x00000000e2db32d0,0x00000000f5580000)
 Metaspace       used 43427K, capacity 48312K, committed 48472K, reserved 1091584K
  class space    used 5495K, capacity 6881K, committed 7000K, reserved 1048576K
Event: 5.079 GC heap after
Heap after GC invocations=12 (full 2):
 PSYoungGen      total 136704K, used 10362K [0x00000000f5580000, 0x0000000100000000, 0x0000000100000000)
  eden space 97792K, 0% used [0x00000000f5580000,0x00000000f5580000,0x00000000fb500000)
  from space 38912K, 26% used [0x00000000fda00000,0x00000000fe41e950,0x0000000100000000)
  to   space 37888K, 0% used [0x00000000fb500000,0x00000000fb500000,0x00000000fda00000)
 ParOldGen       total 349696K, used 48041K [0x00000000e0000000, 0x00000000f5580000, 0x00000000f5580000)
  object space 349696K, 13% used [0x00000000e0000000,0x00000000e2eea648,0x00000000f5580000)
 Metaspace       used 43427K, capacity 48312K, committed 48472K, reserved 1091584K
  class space    used 5495K, capacity 6881K, committed 7000K, reserved 1048576K
}
Event: 6.378 GC heap before
{Heap before GC invocations=13 (full 2):
 PSYoungGen      total 136704K, used 108154K [0x00000000f5580000, 0x0000000100000000, 0x0000000100000000)
  eden space 97792K, 100% used [0x00000000f5580000,0x00000000fb500000,0x00000000fb500000)
  from space 38912K, 26% used [0x00000000fda00000,0x00000000fe41e950,0x0000000100000000)
  to   space 37888K, 0% used [0x00000000fb500000,0x00000000fb500000,0x00000000fda00000)
 ParOldGen       total 349696K, used 48041K [0x00000000e0000000, 0x00000000f5580000, 0x00000000f5580000)
  object space 349696K, 13% used [0x00000000e0000000,0x00000000e2eea648,0x00000000f5580000)
 Metaspace       used 49653K, capacity 55394K, committed 55640K, reserved 1097728K
  class space    used 6306K, capacity 8020K, committed 8024K, reserved 1048576K
Event: 6.387 GC heap after
Heap after GC invocations=13 (full 2):
 PSYoungGen      total 135680K, used 9255K [0x00000000f5580000, 0x0000000100000000, 0x0000000100000000)
  eden space 97792K, 0% used [0x00000000f5580000,0x00000000f5580000,0x00000000fb500000)
  from space 37888K, 24% used [0x00000000fb500000,0x00000000fbe09ec8,0x00000000fda00000)
  to   space 37376K, 0% used [0x00000000fdb80000,0x00000000fdb80000,0x0000000100000000)
 ParOldGen       total 349696K, used 50011K [0x00000000e0000000, 0x00000000f5580000, 0x00000000f5580000)
  object space 349696K, 14% used [0x00000000e0000000,0x00000000e30d6e40,0x00000000f5580000)
 Metaspace       used 49653K, capacity 55394K, committed 55640K, reserved 1097728K
  class space    used 6306K, capacity 8020K, committed 8024K, reserved 1048576K
}
Event: 6.510 GC heap before
{Heap before GC invocations=14 (full 2):
 PSYoungGen      total 135680K, used 30887K [0x00000000f5580000, 0x0000000100000000, 0x0000000100000000)
  eden space 97792K, 22% used [0x00000000f5580000,0x00000000f6a9ff88,0x00000000fb500000)
  from space 37888K, 24% used [0x00000000fb500000,0x00000000fbe09ec8,0x00000000fda00000)
  to   space 37376K, 0% used [0x00000000fdb80000,0x00000000fdb80000,0x0000000100000000)
 ParOldGen       total 349696K, used 50011K [0x00000000e0000000, 0x00000000f5580000, 0x00000000f5580000)
  object space 349696K, 14% used [0x00000000e0000000,0x00000000e30d6e40,0x00000000f5580000)
 Metaspace       used 53127K, capacity 59010K, committed 59028K, reserved 1099776K
  class space    used 6787K, capacity 8592K, committed 8596K, reserved 1048576K
Event: 6.519 GC heap after
Heap after GC invocations=14 (full 2):
 PSYoungGen      total 137216K, used 4059K [0x00000000f5580000, 0x0000000100000000, 0x0000000100000000)
  eden space 99840K, 0% used [0x00000000f5580000,0x00000000f5580000,0x00000000fb700000)
  from space 37376K, 10% used [0x00000000fdb80000,0x00000000fdf76ff8,0x0000000100000000)
  to   space 37376K, 0% used [0x00000000fb700000,0x00000000fb700000,0x00000000fdb80000)
 ParOldGen       total 349696K, used 54075K [0x00000000e0000000, 0x00000000f5580000, 0x00000000f5580000)
  object space 349696K, 15% used [0x00000000e0000000,0x00000000e34cefc8,0x00000000f5580000)
 Metaspace       used 53127K, capacity 59010K, committed 59028K, reserved 1099776K
  class space    used 6787K, capacity 8592K, committed 8596K, reserved 1048576K
}
Event: 6.519 GC heap before
{Heap before GC invocations=15 (full 3):
 PSYoungGen      total 137216K, used 4059K [0x00000000f5580000, 0x0000000100000000, 0x0000000100000000)
  eden space 99840K, 0% used [0x00000000f5580000,0x00000000f5580000,0x00000000fb700000)
  from space 37376K, 10% used [0x00000000fdb80000,0x00000000fdf76ff8,0x0000000100000000)
  to   space 37376K, 0% used [0x00000000fb700000,0x00000000fb700000,0x00000000fdb80000)
 ParOldGen       total 349696K, used 54075K [0x00000000e0000000, 0x00000000f5580000, 0x00000000f5580000)
  object space 349696K, 15% used [0x00000000e0000000,0x00000000e34cefc8,0x00000000f5580000)
 Metaspace       used 53127K, capacity 59010K, committed 59028K, reserved 1099776K
  class space    used 6787K, capacity 8592K, committed 8596K, reserved 1048576K
Event: 6.726 GC heap after
Heap after GC invocations=15 (full 3):
 PSYoungGen      total 137216K, used 0K [0x00000000f5580000, 0x0000000100000000, 0x0000000100000000)
  eden space 99840K, 0% used [0x00000000f5580000,0x00000000f5580000,0x00000000fb700000)
  from space 37376K, 0% used [0x00000000fdb80000,0x00000000fdb80000,0x0000000100000000)
  to   space 37376K, 0% used [0x00000000fb700000,0x00000000fb700000,0x00000000fdb80000)
 ParOldGen       total 349696K, used 41992K [0x00000000e0000000, 0x00000000f5580000, 0x00000000f5580000)
  object space 349696K, 12% used [0x00000000e0000000,0x00000000e2902090,0x00000000f5580000)
 Metaspace       used 53127K, capacity 59010K, committed 59028K, reserved 1099776K
  class space    used 6787K, capacity 8592K, committed 8596K, reserved 1048576K
}

