# JRE version: Java(TM) SE Runtime Environment (8.0_45-b15) (build 1.8.0_45-b15)
# Java VM: Java HotSpot(TM) 64-Bit Server VM (25.45-b02 mixed mode windows-amd64 compressed oops)
Heap:
 PSYoungGen      total 136704K, used 73531K [0x00000000f5580000, 0x0000000100000000, 0x0000000100000000)
  eden space 96256K, 58% used [0x00000000f5580000,0x00000000f8c16658,0x00000000fb380000)
  from space 40448K, 43% used [0x00000000fd880000,0x00000000fe9b8990,0x0000000100000000)
  to   space 37888K, 10% used [0x00000000fb380000,0x00000000fb754498,0x00000000fd880000)
 ParOldGen       total 349696K, used 48855K [0x00000000e0000000, 0x00000000f5580000, 0x00000000f5580000)
  object space 349696K, 13% used [0x00000000e0000000,0x00000000e2fb5e78,0x00000000f5580000)
 Metaspace       used 76870K, capacity 84086K, committed 84184K, reserved 1122304K
  class space    used 9917K, capacity 12231K, committed 12248K, reserved 1048576K
GC Heap History (10 events):
Event: 4.988 GC heap before
{Heap before GC invocations=11 (full 2):
 PSYoungGen      total 133632K, used 103239K [0x00000000f5580000, 0x0000000100000000, 0x0000000100000000)
  eden space 92672K, 100% used [0x00000000f5580000,0x00000000fb000000,0x00000000fb000000)
  from space 40960K, 25% used [0x00000000fd800000,0x00000000fe251f80,0x0000000100000000)
  to   space 40960K, 0% used [0x00000000fb000000,0x00000000fb000000,0x00000000fd800000)
 ParOldGen       total 349696K, used 61908K [0x00000000e0000000, 0x00000000f5580000, 0x00000000f5580000)
  object space 349696K, 17% used [0x00000000e0000000,0x00000000e3c75180,0x00000000f5580000)
 Metaspace       used 43655K, capacity 48504K, committed 48728K, reserved 1091584K
  class space    used 5511K, capacity 6881K, committed 7000K, reserved 1048576K
Event: 4.994 GC heap after
Heap after GC invocations=11 (full 2):
 PSYoungGen      total 133632K, used 10937K [0x00000000f5580000, 0x0000000100000000, 0x0000000100000000)
  eden space 92672K, 0% used [0x00000000f5580000,0x00000000f5580000,0x00000000fb000000)
  from space 40960K, 26% used [0x00000000fb000000,0x00000000fbaae498,0x00000000fd800000)
  to   space 40960K, 0% used [0x00000000fd800000,0x00000000fd800000,0x0000000100000000)
 ParOldGen       total 349696K, used 64004K [0x00000000e0000000, 0x00000000f5580000, 0x00000000f5580000)
  object space 349696K, 18% used [0x00000000e0000000,0x00000000e3e811a0,0x00000000f5580000)
 Metaspace       used 43655K, capacity 48504K, committed 48728K, reserved 1091584K
  class space    used 5511K, capacity 6881K, committed 7000K, reserved 1048576K
}
Event: 12.283 GC heap before
{Heap before GC invocations=12 (full 2):
 PSYoungGen      total 133632K, used 103609K [0x00000000f5580000, 0x0000000100000000, 0x0000000100000000)
  eden space 92672K, 100% used [0x00000000f5580000,0x00000000fb000000,0x00000000fb000000)
  from space 40960K, 26% used [0x00000000fb000000,0x00000000fbaae498,0x00000000fd800000)
  to   space 40960K, 0% used [0x00000000fd800000,0x00000000fd800000,0x0000000100000000)
 ParOldGen       total 349696K, used 64004K [0x00000000e0000000, 0x00000000f5580000, 0x00000000f5580000)
  object space 349696K, 18% used [0x00000000e0000000,0x00000000e3e811a0,0x00000000f5580000)
 Metaspace       used 47924K, capacity 53452K, committed 53592K, reserved 1095680K
  class space    used 6050K, capacity 7645K, committed 7768K, reserved 1048576K
Event: 12.289 GC heap after
Heap after GC invocations=12 (full 2):
 PSYoungGen      total 133632K, used 7275K [0x00000000f5580000, 0x0000000100000000, 0x0000000100000000)
  eden space 92672K, 0% used [0x00000000f5580000,0x00000000f5580000,0x00000000fb000000)
  from space 40960K, 17% used [0x00000000fd800000,0x00000000fdf1af60,0x0000000100000000)
  to   space 40960K, 0% used [0x00000000fb000000,0x00000000fb000000,0x00000000fd800000)
 ParOldGen       total 349696K, used 65440K [0x00000000e0000000, 0x00000000f5580000, 0x00000000f5580000)
  object space 349696K, 18% used [0x00000000e0000000,0x00000000e3fe81d0,0x00000000f5580000)
 Metaspace       used 47924K, capacity 53452K, committed 53592K, reserved 1095680K
  class space    used 6050K, capacity 7645K, committed 7768K, reserved 1048576K
}
Event: 12.913 GC heap before
{Heap before GC invocations=13 (full 2):
 PSYoungGen      total 133632K, used 53201K [0x00000000f5580000, 0x0000000100000000, 0x0000000100000000)
  eden space 92672K, 49% used [0x00000000f5580000,0x00000000f8259630,0x00000000fb000000)
  from space 40960K, 17% used [0x00000000fd800000,0x00000000fdf1af60,0x0000000100000000)
  to   space 40960K, 0% used [0x00000000fb000000,0x00000000fb000000,0x00000000fd800000)
 ParOldGen       total 349696K, used 65440K [0x00000000e0000000, 0x00000000f5580000, 0x00000000f5580000)
  object space 349696K, 18% used [0x00000000e0000000,0x00000000e3fe81d0,0x00000000f5580000)
 Metaspace       used 53062K, capacity 58914K, committed 58968K, reserved 1099776K
  class space    used 6707K, capacity 8495K, committed 8536K, reserved 1048576K
Event: 12.924 GC heap after
Heap after GC invocations=13 (full 2):
 PSYoungGen      total 133632K, used 8122K [0x00000000f5580000, 0x0000000100000000, 0x0000000100000000)
  eden space 92672K, 0% used [0x00000000f5580000,0x00000000f5580000,0x00000000fb000000)
  from space 40960K, 19% used [0x00000000fb000000,0x00000000fb7ee950,0x00000000fd800000)
  to   space 40448K, 0% used [0x00000000fd880000,0x00000000fd880000,0x0000000100000000)
 ParOldGen       total 349696K, used 69180K [0x00000000e0000000, 0x00000000f5580000, 0x00000000f5580000)
  object space 349696K, 19% used [0x00000000e0000000,0x00000000e438f218,0x00000000f5580000)
 Metaspace       used 53062K, capacity 58914K, committed 58968K, reserved 1099776K
  class space    used 6707K, capacity 8495K, committed 8536K, reserved 1048576K
}
Event: 12.924 GC heap before
{Heap before GC invocations=14 (full 3):
 PSYoungGen      total 133632K, used 8122K [0x00000000f5580000, 0x0000000100000000, 0x0000000100000000)
  eden space 92672K, 0% used [0x00000000f5580000,0x00000000f5580000,0x00000000fb000000)
  from space 40960K, 19% used [0x00000000fb000000,0x00000000fb7ee950,0x00000000fd800000)
  to   space 40448K, 0% used [0x00000000fd880000,0x00000000fd880000,0x0000000100000000)
 ParOldGen       total 349696K, used 69180K [0x00000000e0000000, 0x00000000f5580000, 0x00000000f5580000)
  object space 349696K, 19% used [0x00000000e0000000,0x00000000e438f218,0x00000000f5580000)
 Metaspace       used 53062K, capacity 58914K, committed 58968K, reserved 1099776K
  class space    used 6707K, capacity 8495K, committed 8536K, reserved 1048576K
Event: 13.122 GC heap after
Heap after GC invocations=14 (full 3):
 PSYoungGen      total 133632K, used 0K [0x00000000f5580000, 0x0000000100000000, 0x0000000100000000)
  eden space 92672K, 0% used [0x00000000f5580000,0x00000000f5580000,0x00000000fb000000)
  from space 40960K, 0% used [0x00000000fb000000,0x00000000fb000000,0x00000000fd800000)
  to   space 40448K, 0% used [0x00000000fd880000,0x00000000fd880000,0x0000000100000000)
 ParOldGen       total 349696K, used 44502K [0x00000000e0000000, 0x00000000f5580000, 0x00000000f5580000)
  object space 349696K, 12% used [0x00000000e0000000,0x00000000e2b758b0,0x00000000f5580000)
 Metaspace       used 53062K, capacity 58914K, committed 58968K, reserved 1099776K
  class space    used 6707K, capacity 8495K, committed 8536K, reserved 1048576K
}
Event: 14.462 GC heap before
{Heap before GC invocations=15 (full 3):
 PSYoungGen      total 133632K, used 92672K [0x00000000f5580000, 0x0000000100000000, 0x0000000100000000)
  eden space 92672K, 100% used [0x00000000f5580000,0x00000000fb000000,0x00000000fb000000)
  from space 40960K, 0% used [0x00000000fb000000,0x00000000fb000000,0x00000000fd800000)
  to   space 40448K, 0% used [0x00000000fd880000,0x00000000fd880000,0x0000000100000000)
 ParOldGen       total 349696K, used 44502K [0x00000000e0000000, 0x00000000f5580000, 0x00000000f5580000)
  object space 349696K, 12% used [0x00000000e0000000,0x00000000e2b758b0,0x00000000f5580000)
 Metaspace       used 69535K, capacity 76204K, committed 76376K, reserved 1114112K
  class space    used 8930K, capacity 11063K, committed 11096K, reserved 1048576K
Event: 14.472 GC heap after
Heap after GC invocations=15 (full 3):
 PSYoungGen      total 136704K, used 17634K [0x00000000f5580000, 0x0000000100000000, 0x0000000100000000)
  eden space 96256K, 0% used [0x00000000f5580000,0x00000000f5580000,0x00000000fb380000)
  from space 40448K, 43% used [0x00000000fd880000,0x00000000fe9b8990,0x0000000100000000)
  to   space 37888K, 0% used [0x00000000fb380000,0x00000000fb380000,0x00000000fd880000)
 ParOldGen       total 349696K, used 44510K [0x00000000e0000000, 0x00000000f5580000, 0x00000000f5580000)
  object space 349696K, 12% used [0x00000000e0000000,0x00000000e2b778b0,0x00000000f5580000)
 Metaspace       used 69535K, capacity 76204K, committed 76376K, reserved 1114112K
  class space    used 8930K, capacity 11063K, committed 11096K, reserved 1048576K
}

