# JRE version: Java(TM) SE Runtime Environment (8.0_45-b15) (build 1.8.0_45-b15)
# Java VM: Java HotSpot(TM) 64-Bit Server VM (25.45-b02 mixed mode windows-amd64 compressed oops)
Heap:
 PSYoungGen      total 284672K, used 61469K [0x00000000eab00000, 0x0000000100000000, 0x0000000100000000)
  eden space 237568K, 7% used [0x00000000eab00000,0x00000000ebc952e0,0x00000000f9300000)
  from space 47104K, 92% used [0x00000000fd200000,0x00000000ffc72250,0x0000000100000000)
  to   space 55808K, 0% used [0x00000000f9300000,0x00000000f9300000,0x00000000fc980000)
 ParOldGen       total 699392K, used 22015K [0x00000000c0000000, 0x00000000eab00000, 0x00000000eab00000)
  object space 699392K, 3% used [0x00000000c0000000,0x00000000c157fc38,0x00000000eab00000)
 Metaspace       used 48219K, capacity 53824K, committed 54104K, reserved 1095680K
  class space    used 6077K, capacity 7751K, committed 7808K, reserved 1048576K
GC Heap History (10 events):
Event: 7.092 GC heap before
{Heap before GC invocations=4 (full 1):
 PSYoungGen      total 305664K, used 161072K [0x00000000eab00000, 0x0000000100000000, 0x0000000100000000)
  eden space 262144K, 61% used [0x00000000eab00000,0x00000000f484c0a0,0x00000000fab00000)
  from space 43520K, 0% used [0x00000000fd580000,0x00000000fd580000,0x0000000100000000)
  to   space 43520K, 0% used [0x00000000fab00000,0x00000000fab00000,0x00000000fd580000)
 ParOldGen       total 699392K, used 9001K [0x00000000c0000000, 0x00000000eab00000, 0x00000000eab00000)
  object space 699392K, 1% used [0x00000000c0000000,0x00000000c08ca438,0x00000000eab00000)
 Metaspace       used 31677K, capacity 35332K, committed 35416K, reserved 1079296K
  class space    used 4015K, capacity 5176K, committed 5248K, reserved 1048576K
Event: 7.103 GC heap after
Heap after GC invocations=4 (full 1):
 PSYoungGen      total 305664K, used 15846K [0x00000000eab00000, 0x0000000100000000, 0x0000000100000000)
  eden space 262144K, 0% used [0x00000000eab00000,0x00000000eab00000,0x00000000fab00000)
  from space 43520K, 36% used [0x00000000fab00000,0x00000000fba79960,0x00000000fd580000)
  to   space 43520K, 0% used [0x00000000fd580000,0x00000000fd580000,0x0000000100000000)
 ParOldGen       total 699392K, used 9009K [0x00000000c0000000, 0x00000000eab00000, 0x00000000eab00000)
  object space 699392K, 1% used [0x00000000c0000000,0x00000000c08cc438,0x00000000eab00000)
 Metaspace       used 31677K, capacity 35332K, committed 35416K, reserved 1079296K
  class space    used 4015K, capacity 5176K, committed 5248K, reserved 1048576K
}
Event: 7.103 GC heap before
{Heap before GC invocations=5 (full 2):
 PSYoungGen      total 305664K, used 15846K [0x00000000eab00000, 0x0000000100000000, 0x0000000100000000)
  eden space 262144K, 0% used [0x00000000eab00000,0x00000000eab00000,0x00000000fab00000)
  from space 43520K, 36% used [0x00000000fab00000,0x00000000fba79960,0x00000000fd580000)
  to   space 43520K, 0% used [0x00000000fd580000,0x00000000fd580000,0x0000000100000000)
 ParOldGen       total 699392K, used 9009K [0x00000000c0000000, 0x00000000eab00000, 0x00000000eab00000)
  object space 699392K, 1% used [0x00000000c0000000,0x00000000c08cc438,0x00000000eab00000)
 Metaspace       used 31677K, capacity 35332K, committed 35416K, reserved 1079296K
  class space    used 4015K, capacity 5176K, committed 5248K, reserved 1048576K
Event: 7.148 GC heap after
Heap after GC invocations=5 (full 2):
 PSYoungGen      total 305664K, used 0K [0x00000000eab00000, 0x0000000100000000, 0x0000000100000000)
  eden space 262144K, 0% used [0x00000000eab00000,0x00000000eab00000,0x00000000fab00000)
  from space 43520K, 0% used [0x00000000fab00000,0x00000000fab00000,0x00000000fd580000)
  to   space 43520K, 0% used [0x00000000fd580000,0x00000000fd580000,0x0000000100000000)
 ParOldGen       total 699392K, used 21935K [0x00000000c0000000, 0x00000000eab00000, 0x00000000eab00000)
  object space 699392K, 3% used [0x00000000c0000000,0x00000000c156bc28,0x00000000eab00000)
 Metaspace       used 31677K, capacity 35332K, committed 35416K, reserved 1079296K
  class space    used 4015K, capacity 5176K, committed 5248K, reserved 1048576K
}
Event: 12.531 GC heap before
{Heap before GC invocations=6 (full 2):
 PSYoungGen      total 305664K, used 262144K [0x00000000eab00000, 0x0000000100000000, 0x0000000100000000)
  eden space 262144K, 100% used [0x00000000eab00000,0x00000000fab00000,0x00000000fab00000)
  from space 43520K, 0% used [0x00000000fab00000,0x00000000fab00000,0x00000000fd580000)
  to   space 43520K, 0% used [0x00000000fd580000,0x00000000fd580000,0x0000000100000000)
 ParOldGen       total 699392K, used 21935K [0x00000000c0000000, 0x00000000eab00000, 0x00000000eab00000)
  object space 699392K, 3% used [0x00000000c0000000,0x00000000c156bc28,0x00000000eab00000)
 Metaspace       used 42281K, capacity 47154K, committed 47192K, reserved 1089536K
  class space    used 5319K, capacity 6756K, committed 6784K, reserved 1048576K
Event: 12.558 GC heap after
Heap after GC invocations=6 (full 2):
 PSYoungGen      total 305664K, used 40145K [0x00000000eab00000, 0x0000000100000000, 0x0000000100000000)
  eden space 262144K, 0% used [0x00000000eab00000,0x00000000eab00000,0x00000000fab00000)
  from space 43520K, 92% used [0x00000000fd580000,0x00000000ffcb4538,0x0000000100000000)
  to   space 43520K, 0% used [0x00000000fab00000,0x00000000fab00000,0x00000000fd580000)
 ParOldGen       total 699392K, used 21943K [0x00000000c0000000, 0x00000000eab00000, 0x00000000eab00000)
  object space 699392K, 3% used [0x00000000c0000000,0x00000000c156dc28,0x00000000eab00000)
 Metaspace       used 42281K, capacity 47154K, committed 47192K, reserved 1089536K
  class space    used 5319K, capacity 6756K, committed 6784K, reserved 1048576K
}
Event: 12.793 GC heap before
{Heap before GC invocations=7 (full 2):
 PSYoungGen      total 305664K, used 302289K [0x00000000eab00000, 0x0000000100000000, 0x0000000100000000)
  eden space 262144K, 100% used [0x00000000eab00000,0x00000000fab00000,0x00000000fab00000)
  from space 43520K, 92% used [0x00000000fd580000,0x00000000ffcb4538,0x0000000100000000)
  to   space 43520K, 0% used [0x00000000fab00000,0x00000000fab00000,0x00000000fd580000)
 ParOldGen       total 699392K, used 21943K [0x00000000c0000000, 0x00000000eab00000, 0x00000000eab00000)
  object space 699392K, 3% used [0x00000000c0000000,0x00000000c156dc28,0x00000000eab00000)
 Metaspace       used 42284K, capacity 47154K, committed 47192K, reserved 1089536K
  class space    used 5319K, capacity 6756K, committed 6784K, reserved 1048576K
Event: 12.819 GC heap after
Heap after GC invocations=7 (full 2):
 PSYoungGen      total 302080K, used 39823K [0x00000000eab00000, 0x0000000100000000, 0x0000000100000000)
  eden space 262144K, 0% used [0x00000000eab00000,0x00000000eab00000,0x00000000fab00000)
  from space 39936K, 99% used [0x00000000fab00000,0x00000000fd1e3ef8,0x00000000fd200000)
  to   space 47104K, 0% used [0x00000000fd200000,0x00000000fd200000,0x0000000100000000)
 ParOldGen       total 699392K, used 21943K [0x00000000c0000000, 0x00000000eab00000, 0x00000000eab00000)
  object space 699392K, 3% used [0x00000000c0000000,0x00000000c156dc28,0x00000000eab00000)
 Metaspace       used 42284K, capacity 47154K, committed 47192K, reserved 1089536K
  class space    used 5319K, capacity 6756K, committed 6784K, reserved 1048576K
}
Event: 15.758 GC heap before
{Heap before GC invocations=8 (full 2):
 PSYoungGen      total 302080K, used 301967K [0x00000000eab00000, 0x0000000100000000, 0x0000000100000000)
  eden space 262144K, 100% used [0x00000000eab00000,0x00000000fab00000,0x00000000fab00000)
  from space 39936K, 99% used [0x00000000fab00000,0x00000000fd1e3ef8,0x00000000fd200000)
  to   space 47104K, 0% used [0x00000000fd200000,0x00000000fd200000,0x0000000100000000)
 ParOldGen       total 699392K, used 21943K [0x00000000c0000000, 0x00000000eab00000, 0x00000000eab00000)
  object space 699392K, 3% used [0x00000000c0000000,0x00000000c156dc28,0x00000000eab00000)
 Metaspace       used 47830K, capacity 53442K, committed 53592K, reserved 1095680K
  class space    used 6036K, capacity 7707K, committed 7808K, reserved 1048576K
Event: 15.778 GC heap after
Heap after GC invocations=8 (full 2):
 PSYoungGen      total 284672K, used 43464K [0x00000000eab00000, 0x0000000100000000, 0x0000000100000000)
  eden space 237568K, 0% used [0x00000000eab00000,0x00000000eab00000,0x00000000f9300000)
  from space 47104K, 92% used [0x00000000fd200000,0x00000000ffc72250,0x0000000100000000)
  to   space 55808K, 0% used [0x00000000f9300000,0x00000000f9300000,0x00000000fc980000)
 ParOldGen       total 699392K, used 22015K [0x00000000c0000000, 0x00000000eab00000, 0x00000000eab00000)
  object space 699392K, 3% used [0x00000000c0000000,0x00000000c157fc38,0x00000000eab00000)
 Metaspace       used 47830K, capacity 53442K, committed 53592K, reserved 1095680K
  class space    used 6036K, capacity 7707K, committed 7808K, reserved 1048576K
}

